TN:
SF:src/components/UserDashboard.js
FN:11,(anonymous_0)
FN:60,(anonymous_1)
FN:106,(anonymous_2)
FN:125,(anonymous_3)
FN:176,(anonymous_4)
FN:201,(anonymous_5)
FN:213,(anonymous_6)
FN:226,(anonymous_7)
FN:237,(anonymous_8)
FN:239,(anonymous_9)
FN:240,(anonymous_10)
FN:241,(anonymous_11)
FN:242,(anonymous_12)
FN:243,(anonymous_13)
FN:260,(anonymous_14)
FN:293,(anonymous_15)
FN:323,(anonymous_16)
FN:362,(anonymous_17)
FN:376,(anonymous_18)
FN:392,(anonymous_19)
FN:407,(anonymous_20)
FN:423,(anonymous_21)
FN:438,(anonymous_22)
FN:450,(anonymous_23)
FN:461,(anonymous_24)
FN:484,(anonymous_25)
FN:493,(anonymous_26)
FN:505,(anonymous_27)
FN:513,(anonymous_28)
FN:521,(anonymous_29)
FN:533,(anonymous_30)
FN:548,(anonymous_31)
FN:558,(anonymous_32)
FN:563,(anonymous_33)
FN:568,(anonymous_34)
FN:573,(anonymous_35)
FNF:36
FNH:0
FNDA:0,(anonymous_0)
FNDA:0,(anonymous_1)
FNDA:0,(anonymous_2)
FNDA:0,(anonymous_3)
FNDA:0,(anonymous_4)
FNDA:0,(anonymous_5)
FNDA:0,(anonymous_6)
FNDA:0,(anonymous_7)
FNDA:0,(anonymous_8)
FNDA:0,(anonymous_9)
FNDA:0,(anonymous_10)
FNDA:0,(anonymous_11)
FNDA:0,(anonymous_12)
FNDA:0,(anonymous_13)
FNDA:0,(anonymous_14)
FNDA:0,(anonymous_15)
FNDA:0,(anonymous_16)
FNDA:0,(anonymous_17)
FNDA:0,(anonymous_18)
FNDA:0,(anonymous_19)
FNDA:0,(anonymous_20)
FNDA:0,(anonymous_21)
FNDA:0,(anonymous_22)
FNDA:0,(anonymous_23)
FNDA:0,(anonymous_24)
FNDA:0,(anonymous_25)
FNDA:0,(anonymous_26)
FNDA:0,(anonymous_27)
FNDA:0,(anonymous_28)
FNDA:0,(anonymous_29)
FNDA:0,(anonymous_30)
FNDA:0,(anonymous_31)
FNDA:0,(anonymous_32)
FNDA:0,(anonymous_33)
FNDA:0,(anonymous_34)
FNDA:0,(anonymous_35)
DA:12,0
DA:13,0
DA:14,0
DA:27,0
DA:35,0
DA:46,0
DA:61,0
DA:63,0
DA:65,0
DA:66,0
DA:70,0
DA:77,0
DA:89,0
DA:91,0
DA:92,0
DA:94,0
DA:97,0
DA:98,0
DA:107,0
DA:127,0
DA:177,0
DA:202,0
DA:203,0
DA:204,0
DA:205,0
DA:214,0
DA:215,0
DA:217,0
DA:219,0
DA:227,0
DA:228,0
DA:229,0
DA:238,0
DA:239,0
DA:240,0
DA:241,0
DA:242,0
DA:243,0
DA:246,0
DA:247,0
DA:248,0
DA:251,0
DA:261,0
DA:294,0
DA:324,0
DA:363,0
DA:377,0
DA:393,0
DA:409,0
DA:410,0
DA:411,0
DA:416,0
DA:424,0
DA:439,0
DA:440,0
DA:441,0
DA:442,0
DA:443,0
DA:452,0
DA:453,0
DA:454,0
DA:462,0
DA:485,0
DA:494,0
DA:506,0
DA:507,0
DA:514,0
DA:515,0
DA:522,0
DA:523,0
DA:534,0
DA:537,0
DA:549,0
DA:559,0
DA:560,0
DA:564,0
DA:565,0
DA:569,0
DA:570,0
DA:574,0
DA:575,0
DA:579,0
LF:82
LH:0
BRDA:11,0,0,0
BRDA:65,1,0,0
BRDA:65,1,1,0
BRDA:111,2,0,0
BRDA:111,2,1,0
BRDA:203,3,0,0
BRDA:203,3,1,0
BRDA:214,4,0,0
BRDA:214,4,1,0
BRDA:237,5,0,0
BRDA:246,6,0,0
BRDA:246,6,1,0
BRDA:440,7,0,0
BRDA:440,7,1,0
BRDA:441,8,0,0
BRDA:441,8,1,0
BRDA:442,9,0,0
BRDA:442,9,1,0
BRDA:485,10,0,0
BRDA:485,10,1,0
BRDA:533,11,0,0
BRDA:551,12,0,0
BRDA:551,12,1,0
BRF:23
BRH:0
end_of_record
TN:
SF:src/config/authConfig.js
FNF:0
FNH:0
DA:6,0
LF:1
LH:0
BRDA:9,0,0,0
BRDA:9,0,1,0
BRF:2
BRH:0
end_of_record
TN:
SF:src/config/emailConfig.js
FNF:0
FNH:0
DA:6,0
DA:81,0
LF:2
LH:0
BRDA:9,0,0,0
BRDA:9,0,1,0
BRDA:10,1,0,0
BRDA:10,1,1,0
BRDA:13,2,0,0
BRDA:13,2,1,0
BRDA:14,3,0,0
BRDA:14,3,1,0
BRDA:21,4,0,0
BRDA:21,4,1,0
BRDA:75,5,0,0
BRDA:75,5,1,0
BRF:12
BRH:0
end_of_record
TN:
SF:src/config/performanceConfig.js
FNF:0
FNH:0
DA:9,0
LF:1
LH:0
BRF:0
BRH:0
end_of_record
TN:
SF:src/config/registration-flow-config.js
FNF:0
FNH:0
DA:6,0
LF:1
LH:0
BRF:0
BRH:0
end_of_record
TN:
SF:src/config/risk-config.js
FN:229,(anonymous_0)
FN:239,(anonymous_1)
FN:257,(anonymous_2)
FN:274,(anonymous_3)
FN:296,(anonymous_4)
FN:323,(anonymous_5)
FN:326,(anonymous_6)
FN:327,(anonymous_7)
FNF:8
FNH:0
FNDA:0,(anonymous_0)
FNDA:0,(anonymous_1)
FNDA:0,(anonymous_2)
FNDA:0,(anonymous_3)
FNDA:0,(anonymous_4)
FNDA:0,(anonymous_5)
FNDA:0,(anonymous_6)
FNDA:0,(anonymous_7)
DA:9,0
DA:229,0
DA:230,0
DA:239,0
DA:240,0
DA:242,0
DA:244,0
DA:245,0
DA:248,0
DA:257,0
DA:258,0
DA:259,0
DA:262,0
DA:263,0
DA:264,0
DA:268,0
DA:269,0
DA:273,0
DA:274,0
DA:275,0
DA:278,0
DA:279,0
DA:282,0
DA:296,0
DA:297,0
DA:300,0
DA:301,0
DA:305,0
DA:306,0
DA:307,0
DA:311,0
DA:312,0
DA:315,0
DA:323,0
DA:324,0
DA:326,0
DA:327,0
DA:329,0
LF:38
LH:0
BRDA:230,0,0,0
BRDA:230,0,1,0
BRDA:242,1,0,0
BRDA:242,1,1,0
BRDA:263,2,0,0
BRDA:263,2,1,0
BRDA:268,3,0,0
BRDA:268,3,1,0
BRDA:273,4,0,0
BRDA:273,4,1,0
BRDA:278,5,0,0
BRDA:278,5,1,0
BRDA:300,6,0,0
BRDA:300,6,1,0
BRDA:306,7,0,0
BRDA:306,7,1,0
BRDA:311,8,0,0
BRDA:311,8,1,0
BRDA:324,9,0,0
BRDA:324,9,1,0
BRF:20
BRH:0
end_of_record
TN:
SF:src/config/seo-optimization.js
FNF:0
FNH:0
DA:6,0
LF:1
LH:0
BRF:0
BRH:0
end_of_record
TN:
SF:src/config/simulation-config.js
FNF:0
FNH:0
DA:9,0
LF:1
LH:0
BRF:0
BRH:0
end_of_record
TN:
SF:src/controllers/LeaderboardController.js
FN:14,(anonymous_0)
FN:65,(anonymous_1)
FN:100,(anonymous_2)
FN:122,(anonymous_3)
FN:146,(anonymous_4)
FNF:5
FNH:0
FNDA:0,(anonymous_0)
FNDA:0,(anonymous_1)
FNDA:0,(anonymous_2)
FNDA:0,(anonymous_3)
FNDA:0,(anonymous_4)
DA:6,0
DA:7,0
DA:14,0
DA:15,0
DA:16,0
DA:19,0
DA:20,0
DA:22,0
DA:23,0
DA:29,0
DA:30,0
DA:36,0
DA:42,0
DA:52,0
DA:53,0
DA:65,0
DA:66,0
DA:67,0
DA:68,0
DA:70,0
DA:71,0
DA:77,0
DA:82,0
DA:87,0
DA:88,0
DA:100,0
DA:101,0
DA:102,0
DA:104,0
DA:109,0
DA:110,0
DA:122,0
DA:123,0
DA:124,0
DA:126,0
DA:128,0
DA:133,0
DA:134,0
DA:146,0
DA:147,0
DA:148,0
DA:150,0
DA:155,0
DA:160,0
DA:161,0
DA:168,0
LF:46
LH:0
BRDA:16,0,0,0
BRDA:16,1,0,0
BRDA:16,2,0,0
BRDA:22,3,0,0
BRDA:22,3,1,0
BRDA:29,4,0,0
BRDA:29,4,1,0
BRDA:68,5,0,0
BRDA:68,6,0,0
BRDA:70,7,0,0
BRDA:70,7,1,0
BRDA:148,8,0,0
BRDA:148,9,0,0
BRF:13
BRH:0
end_of_record
TN:
SF:src/controllers/TradingEngineController.js
FN:13,(anonymous_0)
FN:51,(anonymous_1)
FN:89,(anonymous_2)
FN:120,(anonymous_3)
FN:155,(anonymous_4)
FN:186,(anonymous_5)
FN:216,(anonymous_6)
FNF:7
FNH:0
FNDA:0,(anonymous_0)
FNDA:0,(anonymous_1)
FNDA:0,(anonymous_2)
FNDA:0,(anonymous_3)
FNDA:0,(anonymous_4)
FNDA:0,(anonymous_5)
FNDA:0,(anonymous_6)
DA:6,0
DA:7,0
DA:8,0
DA:13,0
DA:14,0
DA:15,0
DA:17,0
DA:18,0
DA:24,0
DA:25,0
DA:34,0
DA:40,0
DA:41,0
DA:51,0
DA:52,0
DA:53,0
DA:55,0
DA:56,0
DA:62,0
DA:63,0
DA:72,0
DA:78,0
DA:79,0
DA:89,0
DA:90,0
DA:91,0
DA:93,0
DA:94,0
DA:100,0
DA:101,0
DA:103,0
DA:109,0
DA:110,0
DA:120,0
DA:121,0
DA:122,0
DA:123,0
DA:125,0
DA:126,0
DA:132,0
DA:133,0
DA:139,0
DA:144,0
DA:145,0
DA:155,0
DA:156,0
DA:157,0
DA:159,0
DA:160,0
DA:166,0
DA:167,0
DA:169,0
DA:175,0
DA:176,0
DA:186,0
DA:187,0
DA:188,0
DA:190,0
DA:191,0
DA:197,0
DA:198,0
DA:200,0
DA:205,0
DA:206,0
DA:216,0
DA:217,0
DA:218,0
DA:219,0
DA:221,0
DA:226,0
DA:227,0
DA:234,0
LF:72
LH:0
BRDA:15,0,0,0
BRDA:15,1,0,0
BRDA:17,2,0,0
BRDA:17,2,1,0
BRDA:17,3,0,0
BRDA:17,3,1,0
BRDA:17,3,2,0
BRDA:17,3,3,0
BRDA:43,4,0,0
BRDA:43,4,1,0
BRDA:53,5,0,0
BRDA:53,6,0,0
BRDA:55,7,0,0
BRDA:55,7,1,0
BRDA:55,8,0,0
BRDA:55,8,1,0
BRDA:55,8,2,0
BRDA:55,8,3,0
BRDA:81,9,0,0
BRDA:81,9,1,0
BRDA:93,10,0,0
BRDA:93,10,1,0
BRDA:93,11,0,0
BRDA:93,11,1,0
BRDA:93,11,2,0
BRDA:112,12,0,0
BRDA:112,12,1,0
BRDA:123,13,0,0
BRDA:123,14,0,0
BRDA:125,15,0,0
BRDA:125,15,1,0
BRDA:159,16,0,0
BRDA:159,16,1,0
BRDA:178,17,0,0
BRDA:178,17,1,0
BRDA:190,18,0,0
BRDA:190,18,1,0
BRF:37
BRH:0
end_of_record
TN:
SF:src/controllers/authController.js
FN:10,(anonymous_0)
FN:71,(anonymous_1)
FNF:2
FNH:0
FNDA:0,(anonymous_0)
FNDA:0,(anonymous_1)
DA:1,0
DA:2,0
DA:3,0
DA:4,0
DA:5,0
DA:7,0
DA:10,0
DA:11,0
DA:12,0
DA:15,0
DA:19,0
DA:20,0
DA:27,0
DA:28,0
DA:31,0
DA:39,0
DA:42,0
DA:48,0
DA:62,0
DA:63,0
DA:71,0
DA:72,0
DA:73,0
DA:76,0
DA:77,0
DA:78,0
DA:85,0
DA:86,0
DA:87,0
DA:94,0
DA:95,0
DA:98,0
DA:104,0
DA:118,0
DA:119,0
DA:126,0
LF:36
LH:0
BRDA:19,0,0,0
BRDA:19,0,1,0
BRDA:44,1,0,0
BRDA:44,1,1,0
BRDA:77,2,0,0
BRDA:77,2,1,0
BRDA:86,3,0,0
BRDA:86,3,1,0
BRDA:100,4,0,0
BRDA:100,4,1,0
BRF:10
BRH:0
end_of_record
TN:
SF:src/controllers/avatarController.js
FN:11,(anonymous_0)
FN:27,(anonymous_1)
FN:108,(anonymous_2)
FN:151,(anonymous_3)
FNF:4
FNH:0
FNDA:0,(anonymous_0)
FNDA:0,(anonymous_1)
FNDA:0,(anonymous_2)
FNDA:0,(anonymous_3)
DA:6,0
DA:7,0
DA:8,0
DA:12,0
DA:13,0
DA:14,0
DA:17,0
DA:18,0
DA:28,0
DA:30,0
DA:31,0
DA:32,0
DA:39,0
DA:40,0
DA:47,0
DA:48,0
DA:55,0
DA:56,0
DA:63,0
DA:64,0
DA:65,0
DA:66,0
DA:69,0
DA:72,0
DA:73,0
DA:74,0
DA:76,0
DA:77,0
DA:87,0
DA:88,0
DA:95,0
DA:96,0
DA:109,0
DA:110,0
DA:111,0
DA:112,0
DA:114,0
DA:116,0
DA:118,0
DA:119,0
DA:120,0
DA:124,0
DA:126,0
DA:131,0
DA:138,0
DA:139,0
DA:152,0
DA:163,0
LF:48
LH:0
BRDA:17,0,0,0
BRDA:17,0,1,0
BRDA:31,1,0,0
BRDA:31,1,1,0
BRDA:39,2,0,0
BRDA:39,2,1,0
BRDA:47,3,0,0
BRDA:47,3,1,0
BRDA:55,4,0,0
BRDA:55,4,1,0
BRDA:63,5,0,0
BRDA:63,5,1,0
BRDA:76,6,0,0
BRDA:76,6,1,0
BRDA:110,7,0,0
BRDA:110,7,1,0
BRDA:116,8,0,0
BRDA:116,8,1,0
BRDA:116,9,0,0
BRDA:116,9,1,0
BRDA:119,10,0,0
BRDA:119,10,1,0
BRF:22
BRH:0
end_of_record
TN:
SF:src/controllers/emailVerificationController.js
FN:12,(anonymous_0)
FN:30,(anonymous_1)
FN:66,(anonymous_2)
FN:127,(anonymous_3)
FN:192,(anonymous_4)
FN:220,(anonymous_5)
FNF:6
FNH:0
FNDA:0,(anonymous_0)
FNDA:0,(anonymous_1)
FNDA:0,(anonymous_2)
FNDA:0,(anonymous_3)
FNDA:0,(anonymous_4)
FNDA:0,(anonymous_5)
DA:6,0
DA:7,0
DA:8,0
DA:9,0
DA:14,0
DA:31,0
DA:33,0
DA:34,0
DA:37,0
DA:44,0
DA:46,0
DA:52,0
DA:53,0
DA:67,0
DA:68,0
DA:69,0
DA:70,0
DA:74,0
DA:98,0
DA:99,0
DA:101,0
DA:102,0
DA:103,0
DA:104,0
DA:107,0
DA:113,0
DA:114,0
DA:128,0
DA:129,0
DA:136,0
DA:137,0
DA:144,0
DA:145,0
DA:152,0
DA:153,0
DA:156,0
DA:157,0
DA:158,0
DA:159,0
DA:162,0
DA:167,0
DA:173,0
DA:178,0
DA:179,0
DA:193,0
DA:195,0
DA:200,0
DA:201,0
DA:207,0
DA:209,0
DA:210,0
DA:221,0
DA:222,0
DA:226,0
DA:227,0
DA:229,0
DA:230,0
DA:235,0
LF:58
LH:0
BRDA:15,0,0,0
BRDA:15,0,1,0
BRDA:16,1,0,0
BRDA:16,1,1,0
BRDA:19,2,0,0
BRDA:19,2,1,0
BRDA:20,3,0,0
BRDA:20,3,1,0
BRDA:69,4,0,0
BRDA:69,4,1,0
BRDA:75,5,0,0
BRDA:75,5,1,0
BRDA:98,6,0,0
BRDA:98,6,1,0
BRDA:136,7,0,0
BRDA:136,7,1,0
BRDA:144,8,0,0
BRDA:144,8,1,0
BRDA:156,9,0,0
BRDA:156,9,1,0
BRDA:200,10,0,0
BRDA:200,10,1,0
BRF:22
BRH:0
end_of_record
TN:
SF:src/controllers/permissionController.js
FN:14,(anonymous_0)
FN:64,(anonymous_1)
FN:94,(anonymous_2)
FN:103,(anonymous_3)
FN:122,(anonymous_4)
FN:127,(anonymous_5)
FN:152,(anonymous_6)
FN:191,(anonymous_7)
FNF:8
FNH:0
FNDA:0,(anonymous_0)
FNDA:0,(anonymous_1)
FNDA:0,(anonymous_2)
FNDA:0,(anonymous_3)
FNDA:0,(anonymous_4)
FNDA:0,(anonymous_5)
FNDA:0,(anonymous_6)
FNDA:0,(anonymous_7)
DA:6,0
DA:7,0
DA:15,0
DA:16,0
DA:19,0
DA:20,0
DA:21,0
DA:28,0
DA:29,0
DA:30,0
DA:37,0
DA:44,0
DA:46,0
DA:53,0
DA:65,0
DA:66,0
DA:68,0
DA:70,0
DA:71,0
DA:77,0
DA:83,0
DA:95,0
DA:96,0
DA:98,0
DA:101,0
DA:103,0
DA:111,0
DA:123,0
DA:124,0
DA:126,0
DA:127,0
DA:128,0
DA:131,0
DA:141,0
DA:153,0
DA:154,0
DA:157,0
DA:158,0
DA:159,0
DA:165,0
DA:171,0
DA:173,0
DA:180,0
DA:192,0
DA:193,0
DA:195,0
DA:201,0
DA:210,0
LF:48
LH:0
BRDA:20,0,0,0
BRDA:20,0,1,0
BRDA:29,1,0,0
BRDA:29,1,1,0
BRDA:70,2,0,0
BRDA:70,2,1,0
BRDA:158,3,0,0
BRDA:158,3,1,0
BRDA:167,4,0,0
BRDA:167,4,1,0
BRDA:168,5,0,0
BRDA:168,5,1,0
BRF:12
BRH:0
end_of_record
TN:
SF:src/controllers/profileController.js
FN:15,(anonymous_0)
FN:52,(anonymous_1)
FN:86,(anonymous_2)
FN:120,(anonymous_3)
FNF:4
FNH:0
FNDA:0,(anonymous_0)
FNDA:0,(anonymous_1)
FNDA:0,(anonymous_2)
FNDA:0,(anonymous_3)
DA:6,0
DA:16,0
DA:18,0
DA:33,0
DA:34,0
DA:39,0
DA:53,0
DA:54,0
DA:55,0
DA:57,0
DA:58,0
DA:65,0
DA:67,0
DA:73,0
DA:87,0
DA:88,0
DA:89,0
DA:91,0
DA:92,0
DA:99,0
DA:101,0
DA:107,0
DA:121,0
DA:123,0
DA:125,0
DA:127,0
DA:133,0
DA:141,0
LF:28
LH:0
BRDA:57,0,0,0
BRDA:57,0,1,0
BRDA:91,1,0,0
BRDA:91,1,1,0
BRF:4
BRH:0
end_of_record
TN:
SF:src/controllers/tradingController.js
FN:20,(anonymous_0)
FN:51,(anonymous_1)
FN:67,(anonymous_2)
FN:107,(anonymous_3)
FN:149,(anonymous_4)
FN:203,(anonymous_5)
FN:213,(anonymous_6)
FN:223,(anonymous_7)
FN:272,(anonymous_8)
FN:328,(anonymous_9)
FN:372,(anonymous_10)
FN:382,(anonymous_11)
FN:399,(anonymous_12)
FN:405,(anonymous_13)
FN:437,(anonymous_14)
FNF:15
FNH:0
FNDA:0,(anonymous_0)
FNDA:0,(anonymous_1)
FNDA:0,(anonymous_2)
FNDA:0,(anonymous_3)
FNDA:0,(anonymous_4)
FNDA:0,(anonymous_5)
FNDA:0,(anonymous_6)
FNDA:0,(anonymous_7)
FNDA:0,(anonymous_8)
FNDA:0,(anonymous_9)
FNDA:0,(anonymous_10)
FNDA:0,(anonymous_11)
FNDA:0,(anonymous_12)
FNDA:0,(anonymous_13)
FNDA:0,(anonymous_14)
DA:7,0
DA:8,0
DA:9,0
DA:10,0
DA:11,0
DA:12,0
DA:13,0
DA:20,0
DA:21,0
DA:22,0
DA:25,0
DA:27,0
DA:29,0
DA:30,0
DA:34,0
DA:35,0
DA:38,0
DA:40,0
DA:51,0
DA:52,0
DA:54,0
DA:56,0
DA:67,0
DA:68,0
DA:69,0
DA:72,0
DA:78,0
DA:79,0
DA:80,0
DA:83,0
DA:91,0
DA:93,0
DA:95,0
DA:107,0
DA:108,0
DA:109,0
DA:112,0
DA:113,0
DA:114,0
DA:117,0
DA:118,0
DA:119,0
DA:122,0
DA:123,0
DA:126,0
DA:127,0
DA:131,0
DA:132,0
DA:133,0
DA:136,0
DA:137,0
DA:140,0
DA:141,0
DA:147,0
DA:148,0
DA:149,0
DA:151,0
DA:152,0
DA:159,0
DA:171,0
DA:174,0
DA:175,0
DA:176,0
DA:178,0
DA:179,0
DA:182,0
DA:184,0
DA:186,0
DA:203,0
DA:204,0
DA:205,0
DA:213,0
DA:214,0
DA:215,0
DA:223,0
DA:224,0
DA:225,0
DA:226,0
DA:229,0
DA:230,0
DA:233,0
DA:234,0
DA:235,0
DA:238,0
DA:239,0
DA:243,0
DA:244,0
DA:245,0
DA:247,0
DA:248,0
DA:249,0
DA:252,0
DA:253,0
DA:255,0
DA:257,0
DA:272,0
DA:273,0
DA:274,0
DA:277,0
DA:280,0
DA:281,0
DA:282,0
DA:285,0
DA:286,0
DA:290,0
DA:292,0
DA:294,0
DA:328,0
DA:329,0
DA:332,0
DA:333,0
DA:336,0
DA:338,0
DA:339,0
DA:342,0
DA:372,0
DA:373,0
DA:376,0
DA:377,0
DA:380,0
DA:382,0
DA:385,0
DA:386,0
DA:390,0
DA:391,0
DA:395,0
DA:398,0
DA:399,0
DA:400,0
DA:404,0
DA:405,0
DA:407,0
DA:437,0
DA:438,0
DA:441,0
DA:442,0
DA:446,0
DA:448,0
DA:458,0
LF:139
LH:0
BRDA:29,0,0,0
BRDA:29,0,1,0
BRDA:34,1,0,0
BRDA:34,1,1,0
BRDA:58,2,0,0
BRDA:58,2,1,0
BRDA:69,3,0,0
BRDA:79,4,0,0
BRDA:79,4,1,0
BRDA:109,5,0,0
BRDA:118,6,0,0
BRDA:118,6,1,0
BRDA:122,7,0,0
BRDA:122,7,1,0
BRDA:126,8,0,0
BRDA:126,8,1,0
BRDA:132,9,0,0
BRDA:132,9,1,0
BRDA:136,10,0,0
BRDA:136,10,1,0
BRDA:140,11,0,0
BRDA:140,11,1,0
BRDA:140,12,0,0
BRDA:140,12,1,0
BRDA:147,13,0,0
BRDA:147,13,1,0
BRDA:151,14,0,0
BRDA:151,14,1,0
BRDA:151,15,0,0
BRDA:151,15,1,0
BRDA:153,16,0,0
BRDA:153,16,1,0
BRDA:174,17,0,0
BRDA:174,17,1,0
BRDA:188,18,0,0
BRDA:188,18,1,0
BRDA:226,19,0,0
BRDA:234,20,0,0
BRDA:234,20,1,0
BRDA:238,21,0,0
BRDA:238,21,1,0
BRDA:244,22,0,0
BRDA:244,22,1,0
BRDA:247,23,0,0
BRDA:247,23,1,0
BRDA:281,24,0,0
BRDA:281,24,1,0
BRDA:285,25,0,0
BRDA:285,25,1,0
BRDA:338,26,0,0
BRDA:338,26,1,0
BRDA:385,27,0,0
BRDA:385,27,1,0
BRDA:390,28,0,0
BRDA:390,28,1,0
BRDA:400,29,0,0
BRDA:400,29,1,0
BRDA:441,30,0,0
BRDA:441,30,1,0
BRDA:446,31,0,0
BRDA:446,31,1,0
BRDA:452,32,0,0
BRDA:452,32,1,0
BRF:63
BRH:0
end_of_record
TN:
SF:src/controllers/userPreferencesController.js
FN:15,(anonymous_0)
FN:30,(anonymous_1)
FN:52,(anonymous_2)
FN:67,(anonymous_3)
FN:83,(anonymous_4)
FN:124,(anonymous_5)
FN:149,(anonymous_6)
FNF:7
FNH:0
FNDA:0,(anonymous_0)
FNDA:0,(anonymous_1)
FNDA:0,(anonymous_2)
FNDA:0,(anonymous_3)
FNDA:0,(anonymous_4)
FNDA:0,(anonymous_5)
FNDA:0,(anonymous_6)
DA:6,0
DA:16,0
DA:17,0
DA:18,0
DA:20,0
DA:31,0
DA:32,0
DA:33,0
DA:35,0
DA:36,0
DA:37,0
DA:40,0
DA:41,0
DA:43,0
DA:53,0
DA:54,0
DA:55,0
DA:56,0
DA:58,0
DA:68,0
DA:69,0
DA:70,0
DA:71,0
DA:73,0
DA:84,0
DA:85,0
DA:90,0
DA:91,0
DA:92,0
DA:93,0
DA:95,0
DA:96,0
DA:97,0
DA:100,0
DA:101,0
DA:106,0
DA:113,0
DA:115,0
DA:125,0
DA:126,0
DA:127,0
DA:129,0
DA:139,0
DA:150,0
DA:151,0
DA:154,0
DA:155,0
DA:158,0
DA:159,0
DA:160,0
DA:163,0
DA:164,0
DA:170,0
DA:175,0
LF:54
LH:0
BRDA:36,0,0,0
BRDA:36,0,1,0
BRDA:96,1,0,0
BRDA:96,1,1,0
BRDA:154,2,0,0
BRDA:154,2,1,0
BRDA:154,3,0,0
BRDA:154,3,1,0
BRDA:159,4,0,0
BRDA:159,4,1,0
BRF:10
BRH:0
end_of_record
TN:
SF:src/data/sampleUserData.js
FNF:0
FNH:0
DA:6,0
DA:95,0
DA:168,0
LF:3
LH:0
BRF:0
BRH:0
end_of_record
TN:
SF:src/db/memoryStore.js
FN:9,(anonymous_0)
FN:33,(anonymous_1)
FN:46,(anonymous_2)
FN:59,(anonymous_3)
FN:86,(anonymous_4)
FN:98,(anonymous_5)
FN:103,(anonymous_6)
FN:126,(anonymous_7)
FN:138,(anonymous_8)
FN:154,(anonymous_9)
FN:181,(anonymous_10)
FN:207,(anonymous_11)
FN:223,(anonymous_12)
FN:228,(anonymous_13)
FN:243,(anonymous_14)
FN:251,(anonymous_15)
FN:260,(anonymous_16)
FN:261,(anonymous_17)
FNF:18
FNH:18
FNDA:3,(anonymous_0)
FNDA:304,(anonymous_1)
FNDA:67,(anonymous_2)
FNDA:68,(anonymous_3)
FNDA:6,(anonymous_4)
FNDA:12,(anonymous_5)
FNDA:9,(anonymous_6)
FNDA:23,(anonymous_7)
FNDA:23,(anonymous_8)
FNDA:4,(anonymous_9)
FNDA:4,(anonymous_10)
FNDA:4,(anonymous_11)
FNDA:1,(anonymous_12)
FNDA:2,(anonymous_13)
FNDA:8,(anonymous_14)
FNDA:190,(anonymous_15)
FNDA:39,(anonymous_16)
FNDA:166,(anonymous_17)
DA:11,3
DA:20,3
DA:34,304
DA:35,4
DA:36,4
DA:38,304
DA:47,67
DA:48,0
DA:50,67
DA:60,68
DA:63,68
DA:64,67
DA:68,68
DA:69,68
DA:70,67
DA:72,68
DA:75,68
DA:77,68
DA:87,6
DA:88,6
DA:89,6
DA:99,12
DA:101,12
DA:103,8
DA:105,9
DA:106,0
DA:108,9
DA:111,8
DA:112,7
DA:116,5
DA:127,23
DA:128,23
DA:130,23
DA:132,38
DA:133,17
DA:134,17
DA:138,21
DA:139,23
DA:140,0
DA:142,23
DA:145,21
DA:146,10
DA:151,23
DA:152,1
DA:153,1
DA:154,1
DA:155,4
DA:156,2
DA:157,0
DA:162,23
DA:163,0
DA:167,23
DA:168,1
DA:171,23
DA:182,4
DA:183,4
DA:184,2
DA:188,2
DA:195,2
DA:196,2
DA:198,2
DA:208,4
DA:209,4
DA:210,2
DA:213,2
DA:214,2
DA:224,1
DA:225,1
DA:227,1
DA:228,1
DA:229,2
DA:230,2
DA:234,1
DA:244,8
DA:252,190
DA:253,190
DA:254,190
DA:261,39
DA:262,166
DA:268,3
DA:270,3
LF:81
LH:76
BRDA:34,0,0,4
BRDA:34,0,1,300
BRDA:47,1,0,0
BRDA:47,1,1,67
BRDA:63,2,0,67
BRDA:63,2,1,1
BRDA:69,3,0,67
BRDA:69,3,1,1
BRDA:89,4,0,2
BRDA:89,4,1,4
BRDA:105,5,0,0
BRDA:105,5,1,9
BRDA:105,6,0,9
BRDA:105,6,1,0
BRDA:111,7,0,7
BRDA:111,7,1,1
BRDA:126,8,0,7
BRDA:126,9,0,21
BRDA:132,10,0,17
BRDA:132,10,1,21
BRDA:139,11,0,0
BRDA:139,11,1,23
BRDA:139,12,0,23
BRDA:139,12,1,0
BRDA:145,13,0,10
BRDA:145,13,1,11
BRDA:151,14,0,1
BRDA:151,14,1,22
BRDA:155,15,0,2
BRDA:155,15,1,2
BRDA:155,16,0,2
BRDA:155,16,1,0
BRDA:156,17,0,2
BRDA:156,17,1,0
BRDA:156,18,0,2
BRDA:156,18,1,0
BRDA:162,19,0,0
BRDA:162,19,1,23
BRDA:167,20,0,1
BRDA:167,20,1,22
BRDA:183,21,0,2
BRDA:183,21,1,2
BRDA:209,22,0,2
BRDA:209,22,1,2
BRDA:229,23,0,2
BRDA:229,23,1,0
BRDA:243,24,0,4
BRF:47
BRH:37
end_of_record
TN:
SF:src/examples/simulation-demo.js
FN:12,demonstrateSmartStopLoss
FN:35,demonstrateBatchOperations
FN:73,demonstrateStrategyBacktest
FN:103,demonstrateAdvancedAnalysis
FN:115,runAllDemonstrations
FNF:5
FNH:0
FNDA:0,demonstrateSmartStopLoss
FNDA:0,demonstrateBatchOperations
FNDA:0,demonstrateStrategyBacktest
FNDA:0,demonstrateAdvancedAnalysis
FNDA:0,runAllDemonstrations
DA:6,0
DA:9,0
DA:13,0
DA:16,0
DA:25,0
DA:26,0
DA:29,0
DA:30,0
DA:31,0
DA:36,0
DA:38,0
DA:65,0
DA:66,0
DA:68,0
DA:69,0
DA:74,0
DA:76,0
DA:86,0
DA:94,0
DA:95,0
DA:104,0
DA:106,0
DA:107,0
DA:116,0
DA:117,0
DA:118,0
DA:119,0
DA:120,0
DA:122,0
DA:124,0
DA:129,0
DA:130,0
DA:133,0
LF:33
LH:0
BRDA:129,0,0,0
BRDA:129,0,1,0
BRF:2
BRH:0
end_of_record
TN:
SF:src/frontend/components/RiskMonitorEnhancedV2.js
FN:7,(anonymous_0)
FN:25,(anonymous_1)
FN:30,(anonymous_2)
FN:80,(anonymous_3)
FN:81,(anonymous_4)
FN:102,(anonymous_5)
FN:103,(anonymous_6)
FN:118,(anonymous_7)
FN:123,(anonymous_8)
FN:133,(anonymous_9)
FN:143,(anonymous_10)
FN:145,(anonymous_11)
FN:155,(anonymous_12)
FN:161,(anonymous_13)
FN:169,(anonymous_14)
FN:174,(anonymous_15)
FN:179,(anonymous_16)
FNF:17
FNH:0
FNDA:0,(anonymous_0)
FNDA:0,(anonymous_1)
FNDA:0,(anonymous_2)
FNDA:0,(anonymous_3)
FNDA:0,(anonymous_4)
FNDA:0,(anonymous_5)
FNDA:0,(anonymous_6)
FNDA:0,(anonymous_7)
FNDA:0,(anonymous_8)
FNDA:0,(anonymous_9)
FNDA:0,(anonymous_10)
FNDA:0,(anonymous_11)
FNDA:0,(anonymous_12)
FNDA:0,(anonymous_13)
FNDA:0,(anonymous_14)
FNDA:0,(anonymous_15)
FNDA:0,(anonymous_16)
DA:8,0
DA:9,0
DA:22,0
DA:26,0
DA:27,0
DA:31,0
DA:81,0
DA:103,0
DA:119,0
DA:120,0
DA:124,0
DA:130,0
DA:134,0
DA:140,0
DA:145,0
DA:146,0
DA:147,0
DA:149,0
DA:150,0
DA:157,0
DA:158,0
DA:159,0
DA:161,0
DA:163,0
DA:164,0
DA:165,0
DA:170,0
DA:175,0
DA:180,0
DA:186,0
DA:187,0
LF:31
LH:0
BRDA:86,0,0,0
BRDA:86,0,1,0
BRDA:86,1,0,0
BRDA:86,1,1,0
BRDA:90,2,0,0
BRDA:90,2,1,0
BRDA:90,3,0,0
BRDA:90,3,1,0
BRDA:106,4,0,0
BRDA:106,4,1,0
BRDA:106,5,0,0
BRDA:106,5,1,0
BRDA:120,6,0,0
BRDA:120,6,1,0
BRDA:130,7,0,0
BRDA:130,7,1,0
BRDA:140,8,0,0
BRDA:140,8,1,0
BRDA:146,9,0,0
BRDA:146,9,1,0
BRDA:149,10,0,0
BRDA:149,10,1,0
BRDA:186,11,0,0
BRDA:186,11,1,0
BRDA:186,12,0,0
BRDA:186,12,1,0
BRF:26
BRH:0
end_of_record
TN:
SF:src/frontend/js/micro-interactions.js
FN:7,(anonymous_0)
FN:11,(anonymous_1)
FN:23,(anonymous_2)
FN:26,(anonymous_3)
FN:28,(anonymous_4)
FN:33,(anonymous_5)
FN:37,(anonymous_6)
FN:42,(anonymous_7)
FN:46,(anonymous_8)
FN:55,(anonymous_9)
FN:79,(anonymous_10)
FN:87,(anonymous_11)
FN:90,(anonymous_12)
FN:92,(anonymous_13)
FN:96,(anonymous_14)
FN:102,(anonymous_15)
FN:107,(anonymous_16)
FN:119,(anonymous_17)
FN:136,(anonymous_18)
FN:148,(anonymous_19)
FN:151,(anonymous_20)
FN:152,(anonymous_21)
FN:167,(anonymous_22)
FN:178,(anonymous_23)
FN:186,(anonymous_24)
FN:206,(anonymous_25)
FN:211,(anonymous_26)
FN:219,(anonymous_27)
FN:221,(anonymous_28)
FN:223,(anonymous_29)
FN:231,(anonymous_30)
FN:235,(anonymous_31)
FN:238,(anonymous_32)
FN:241,(anonymous_33)
FN:243,(anonymous_34)
FN:250,(anonymous_35)
FN:252,(anonymous_36)
FN:255,(anonymous_37)
FN:257,(anonymous_38)
FN:268,(anonymous_39)
FN:270,(anonymous_40)
FN:276,(anonymous_41)
FN:287,(anonymous_42)
FN:303,(anonymous_43)
FN:316,(anonymous_44)
FN:337,(anonymous_45)
FN:341,(anonymous_46)
FN:346,(anonymous_47)
FN:359,(anonymous_48)
FN:370,(anonymous_49)
FN:373,(anonymous_50)
FN:374,(anonymous_51)
FN:384,(anonymous_52)
FN:389,(anonymous_53)
FN:392,(anonymous_54)
FN:394,(anonymous_55)
FN:401,(anonymous_56)
FN:403,(anonymous_57)
FN:411,(anonymous_58)
FN:416,(anonymous_59)
FN:428,(anonymous_60)
FN:430,(anonymous_61)
FN:436,(anonymous_62)
FN:489,(anonymous_63)
FNF:64
FNH:0
FNDA:0,(anonymous_0)
FNDA:0,(anonymous_1)
FNDA:0,(anonymous_2)
FNDA:0,(anonymous_3)
FNDA:0,(anonymous_4)
FNDA:0,(anonymous_5)
FNDA:0,(anonymous_6)
FNDA:0,(anonymous_7)
FNDA:0,(anonymous_8)
FNDA:0,(anonymous_9)
FNDA:0,(anonymous_10)
FNDA:0,(anonymous_11)
FNDA:0,(anonymous_12)
FNDA:0,(anonymous_13)
FNDA:0,(anonymous_14)
FNDA:0,(anonymous_15)
FNDA:0,(anonymous_16)
FNDA:0,(anonymous_17)
FNDA:0,(anonymous_18)
FNDA:0,(anonymous_19)
FNDA:0,(anonymous_20)
FNDA:0,(anonymous_21)
FNDA:0,(anonymous_22)
FNDA:0,(anonymous_23)
FNDA:0,(anonymous_24)
FNDA:0,(anonymous_25)
FNDA:0,(anonymous_26)
FNDA:0,(anonymous_27)
FNDA:0,(anonymous_28)
FNDA:0,(anonymous_29)
FNDA:0,(anonymous_30)
FNDA:0,(anonymous_31)
FNDA:0,(anonymous_32)
FNDA:0,(anonymous_33)
FNDA:0,(anonymous_34)
FNDA:0,(anonymous_35)
FNDA:0,(anonymous_36)
FNDA:0,(anonymous_37)
FNDA:0,(anonymous_38)
FNDA:0,(anonymous_39)
FNDA:0,(anonymous_40)
FNDA:0,(anonymous_41)
FNDA:0,(anonymous_42)
FNDA:0,(anonymous_43)
FNDA:0,(anonymous_44)
FNDA:0,(anonymous_45)
FNDA:0,(anonymous_46)
FNDA:0,(anonymous_47)
FNDA:0,(anonymous_48)
FNDA:0,(anonymous_49)
FNDA:0,(anonymous_50)
FNDA:0,(anonymous_51)
FNDA:0,(anonymous_52)
FNDA:0,(anonymous_53)
FNDA:0,(anonymous_54)
FNDA:0,(anonymous_55)
FNDA:0,(anonymous_56)
FNDA:0,(anonymous_57)
FNDA:0,(anonymous_58)
FNDA:0,(anonymous_59)
FNDA:0,(anonymous_60)
FNDA:0,(anonymous_61)
FNDA:0,(anonymous_62)
FNDA:0,(anonymous_63)
DA:8,0
DA:12,0
DA:13,0
DA:14,0
DA:15,0
DA:16,0
DA:17,0
DA:24,0
DA:26,0
DA:28,0
DA:29,0
DA:33,0
DA:34,0
DA:37,0
DA:38,0
DA:42,0
DA:43,0
DA:46,0
DA:47,0
DA:56,0
DA:57,0
DA:58,0
DA:59,0
DA:60,0
DA:62,0
DA:75,0
DA:76,0
DA:77,0
DA:79,0
DA:80,0
DA:88,0
DA:90,0
DA:92,0
DA:93,0
DA:96,0
DA:97,0
DA:98,0
DA:102,0
DA:103,0
DA:107,0
DA:108,0
DA:109,0
DA:110,0
DA:120,0
DA:122,0
DA:123,0
DA:124,0
DA:125,0
DA:126,0
DA:128,0
DA:129,0
DA:137,0
DA:138,0
DA:140,0
DA:141,0
DA:149,0
DA:151,0
DA:152,0
DA:153,0
DA:154,0
DA:155,0
DA:158,0
DA:159,0
DA:167,0
DA:168,0
DA:169,0
DA:170,0
DA:171,0
DA:180,0
DA:183,0
DA:187,0
DA:188,0
DA:189,0
DA:200,0
DA:203,0
DA:207,0
DA:209,0
DA:210,0
DA:211,0
DA:212,0
DA:213,0
DA:215,0
DA:216,0
DA:219,0
DA:220,0
DA:221,0
DA:222,0
DA:223,0
DA:233,0
DA:235,0
DA:236,0
DA:238,0
DA:239,0
DA:240,0
DA:242,0
DA:243,0
DA:244,0
DA:250,0
DA:251,0
DA:252,0
DA:253,0
DA:254,0
DA:255,0
DA:256,0
DA:257,0
DA:258,0
DA:270,0
DA:271,0
DA:272,0
DA:276,0
DA:277,0
DA:281,0
DA:284,0
DA:288,0
DA:289,0
DA:290,0
DA:303,0
DA:304,0
DA:306,0
DA:307,0
DA:309,0
DA:313,0
DA:317,0
DA:318,0
DA:329,0
DA:335,0
DA:337,0
DA:338,0
DA:341,0
DA:342,0
DA:347,0
DA:348,0
DA:349,0
DA:351,0
DA:352,0
DA:361,0
DA:364,0
DA:367,0
DA:371,0
DA:373,0
DA:374,0
DA:375,0
DA:376,0
DA:377,0
DA:378,0
DA:379,0
DA:384,0
DA:385,0
DA:392,0
DA:393,0
DA:394,0
DA:395,0
DA:401,0
DA:402,0
DA:403,0
DA:404,0
DA:405,0
DA:413,0
DA:418,0
DA:419,0
DA:421,0
DA:422,0
DA:424,0
DA:430,0
DA:432,0
DA:438,0
DA:443,0
DA:444,0
DA:485,0
DA:488,0
DA:489,0
DA:490,0
DA:493,0
LF:173
LH:0
BRDA:108,0,0,0
BRDA:108,0,1,0
BRDA:108,1,0,0
BRDA:108,1,1,0
BRDA:122,2,0,0
BRDA:122,2,1,0
BRDA:124,3,0,0
BRDA:124,3,1,0
BRDA:140,4,0,0
BRDA:140,4,1,0
BRDA:153,5,0,0
BRDA:153,5,1,0
BRDA:209,6,0,0
BRDA:209,6,1,0
BRDA:215,7,0,0
BRDA:215,7,1,0
BRDA:271,8,0,0
BRDA:271,8,1,0
BRDA:306,9,0,0
BRDA:306,9,1,0
BRDA:351,10,0,0
BRDA:351,10,1,0
BRDA:351,11,0,0
BRDA:351,11,1,0
BRDA:375,12,0,0
BRDA:375,12,1,0
BRDA:402,13,0,0
BRDA:402,13,1,0
BRDA:421,14,0,0
BRDA:421,14,1,0
BRDA:488,15,0,0
BRDA:488,15,1,0
BRF:32
BRH:0
end_of_record
TN:
SF:src/frontend/js/utils.js
FN:21,(anonymous_0)
FN:30,(anonymous_1)
FN:37,(anonymous_2)
FN:45,(anonymous_3)
FN:53,(anonymous_4)
FN:91,(anonymous_5)
FN:95,(anonymous_6)
FN:99,(anonymous_7)
FN:103,(anonymous_8)
FN:107,(anonymous_9)
FN:114,(anonymous_10)
FN:132,(anonymous_11)
FN:140,(anonymous_12)
FN:151,(anonymous_13)
FN:162,(anonymous_14)
FN:169,(anonymous_15)
FN:176,(anonymous_16)
FN:192,(anonymous_17)
FN:200,(anonymous_18)
FN:216,(anonymous_19)
FN:224,(anonymous_20)
FN:232,(anonymous_21)
FN:244,(anonymous_22)
FN:268,(anonymous_23)
FN:270,(anonymous_24)
FN:277,(anonymous_25)
FN:289,(anonymous_26)
FN:300,(anonymous_27)
FN:314,(anonymous_28)
FN:328,(anonymous_29)
FN:332,(anonymous_30)
FN:333,(anonymous_31)
FN:347,(anonymous_32)
FN:359,(anonymous_33)
FN:378,(anonymous_34)
FN:389,(anonymous_35)
FN:405,(anonymous_36)
FN:412,(anonymous_37)
FN:420,(anonymous_38)
FN:429,(anonymous_39)
FN:442,(anonymous_40)
FN:463,(anonymous_41)
FN:483,(anonymous_42)
FN:493,(anonymous_43)
FN:500,(anonymous_44)
FNF:45
FNH:0
FNDA:0,(anonymous_0)
FNDA:0,(anonymous_1)
FNDA:0,(anonymous_2)
FNDA:0,(anonymous_3)
FNDA:0,(anonymous_4)
FNDA:0,(anonymous_5)
FNDA:0,(anonymous_6)
FNDA:0,(anonymous_7)
FNDA:0,(anonymous_8)
FNDA:0,(anonymous_9)
FNDA:0,(anonymous_10)
FNDA:0,(anonymous_11)
FNDA:0,(anonymous_12)
FNDA:0,(anonymous_13)
FNDA:0,(anonymous_14)
FNDA:0,(anonymous_15)
FNDA:0,(anonymous_16)
FNDA:0,(anonymous_17)
FNDA:0,(anonymous_18)
FNDA:0,(anonymous_19)
FNDA:0,(anonymous_20)
FNDA:0,(anonymous_21)
FNDA:0,(anonymous_22)
FNDA:0,(anonymous_23)
FNDA:0,(anonymous_24)
FNDA:0,(anonymous_25)
FNDA:0,(anonymous_26)
FNDA:0,(anonymous_27)
FNDA:0,(anonymous_28)
FNDA:0,(anonymous_29)
FNDA:0,(anonymous_30)
FNDA:0,(anonymous_31)
FNDA:0,(anonymous_32)
FNDA:0,(anonymous_33)
FNDA:0,(anonymous_34)
FNDA:0,(anonymous_35)
FNDA:0,(anonymous_36)
FNDA:0,(anonymous_37)
FNDA:0,(anonymous_38)
FNDA:0,(anonymous_39)
FNDA:0,(anonymous_40)
FNDA:0,(anonymous_41)
FNDA:0,(anonymous_42)
FNDA:0,(anonymous_43)
FNDA:0,(anonymous_44)
DA:9,0
DA:22,0
DA:23,0
DA:24,0
DA:31,0
DA:38,0
DA:39,0
DA:46,0
DA:47,0
DA:54,0
DA:55,0
DA:57,0
DA:64,0
DA:65,0
DA:69,0
DA:70,0
DA:73,0
DA:74,0
DA:75,0
DA:77,0
DA:78,0
DA:81,0
DA:83,0
DA:84,0
DA:86,0
DA:92,0
DA:96,0
DA:100,0
DA:104,0
DA:108,0
DA:115,0
DA:116,0
DA:117,0
DA:118,0
DA:123,0
DA:128,0
DA:133,0
DA:134,0
DA:141,0
DA:142,0
DA:143,0
DA:145,0
DA:152,0
DA:153,0
DA:155,0
DA:163,0
DA:170,0
DA:177,0
DA:178,0
DA:179,0
DA:181,0
DA:188,0
DA:193,0
DA:194,0
DA:201,0
DA:202,0
DA:204,0
DA:205,0
DA:207,0
DA:208,0
DA:210,0
DA:217,0
DA:218,0
DA:225,0
DA:226,0
DA:233,0
DA:240,0
DA:245,0
DA:246,0
DA:247,0
DA:249,0
DA:266,0
DA:268,0
DA:269,0
DA:270,0
DA:278,0
DA:280,0
DA:281,0
DA:282,0
DA:283,0
DA:290,0
DA:292,0
DA:293,0
DA:294,0
DA:301,0
DA:302,0
DA:304,0
DA:305,0
DA:306,0
DA:307,0
DA:315,0
DA:316,0
DA:318,0
DA:319,0
DA:320,0
DA:321,0
DA:329,0
DA:330,0
DA:332,0
DA:333,0
DA:334,0
DA:335,0
DA:343,0
DA:348,0
DA:349,0
DA:350,0
DA:352,0
DA:360,0
DA:361,0
DA:362,0
DA:364,0
DA:365,0
DA:367,0
DA:370,0
DA:371,0
DA:379,0
DA:380,0
DA:382,0
DA:390,0
DA:391,0
DA:393,0
DA:401,0
DA:406,0
DA:413,0
DA:414,0
DA:421,0
DA:422,0
DA:423,0
DA:430,0
DA:431,0
DA:438,0
DA:443,0
DA:444,0
DA:445,0
DA:446,0
DA:447,0
DA:448,0
DA:449,0
DA:451,0
DA:464,0
DA:465,0
DA:466,0
DA:468,0
DA:469,0
DA:470,0
DA:471,0
DA:472,0
DA:479,0
DA:484,0
DA:494,0
DA:501,0
DA:502,0
DA:503,0
DA:504,0
DA:511,0
DA:512,0
DA:516,0
DA:527,0
LF:158
LH:0
BRDA:21,0,0,0
BRDA:22,1,0,0
BRDA:22,1,1,0
BRDA:23,2,0,0
BRDA:23,2,1,0
BRDA:31,3,0,0
BRDA:31,3,1,0
BRDA:37,4,0,0
BRDA:38,5,0,0
BRDA:38,5,1,0
BRDA:53,6,0,0
BRDA:58,7,0,0
BRDA:58,7,1,0
BRDA:64,8,0,0
BRDA:64,8,1,0
BRDA:69,9,0,0
BRDA:69,9,1,0
BRDA:69,10,0,0
BRDA:69,10,1,0
BRDA:77,11,0,0
BRDA:77,11,1,0
BRDA:78,12,0,0
BRDA:78,12,1,0
BRDA:83,13,0,0
BRDA:83,13,1,0
BRDA:86,14,0,0
BRDA:86,14,1,0
BRDA:91,15,0,0
BRDA:95,16,0,0
BRDA:99,17,0,0
BRDA:103,18,0,0
BRDA:107,19,0,0
BRDA:140,20,0,0
BRDA:142,21,0,0
BRDA:142,21,1,0
BRDA:178,22,0,0
BRDA:178,22,1,0
BRDA:200,23,0,0
BRDA:201,24,0,0
BRDA:201,24,1,0
BRDA:204,25,0,0
BRDA:204,25,1,0
BRDA:207,26,0,0
BRDA:207,26,1,0
BRDA:233,27,0,0
BRDA:233,27,1,0
BRDA:233,27,2,0
BRDA:244,28,0,0
BRDA:244,29,0,0
BRDA:255,30,0,0
BRDA:255,30,1,0
BRDA:256,31,0,0
BRDA:256,31,1,0
BRDA:257,32,0,0
BRDA:257,32,1,0
BRDA:277,33,0,0
BRDA:278,34,0,0
BRDA:278,34,1,0
BRDA:290,35,0,0
BRDA:290,35,1,0
BRDA:293,36,0,0
BRDA:293,36,1,0
BRDA:304,37,0,0
BRDA:304,37,1,0
BRDA:305,38,0,0
BRDA:305,38,1,0
BRDA:318,39,0,0
BRDA:318,39,1,0
BRDA:319,40,0,0
BRDA:319,40,1,0
BRDA:330,41,0,0
BRDA:330,41,1,0
BRDA:349,42,0,0
BRDA:349,42,1,0
BRDA:359,43,0,0
BRDA:362,44,0,0
BRDA:362,44,1,0
BRDA:422,45,0,0
BRDA:422,45,1,0
BRDA:442,46,0,0
BRDA:468,47,0,0
BRDA:468,47,1,0
BRDA:469,48,0,0
BRDA:469,48,1,0
BRDA:470,49,0,0
BRDA:470,49,1,0
BRDA:471,50,0,0
BRDA:471,50,1,0
BRDA:483,51,0,0
BRDA:493,52,0,0
BRDA:501,53,0,0
BRDA:501,53,1,0
BRDA:502,54,0,0
BRDA:502,54,1,0
BRDA:503,55,0,0
BRDA:503,55,1,0
BRDA:511,56,0,0
BRDA:511,56,1,0
BRDA:511,57,0,0
BRDA:511,57,1,0
BRF:100
BRH:0
end_of_record
TN:
SF:src/frontend/scripts/card-interactions.js
FN:7,(anonymous_0)
FN:12,(anonymous_1)
FN:18,(anonymous_2)
FN:19,(anonymous_3)
FN:30,(anonymous_4)
FN:31,(anonymous_5)
FN:32,(anonymous_6)
FN:40,(anonymous_7)
FN:47,(anonymous_8)
FN:48,(anonymous_9)
FN:51,(anonymous_10)
FN:56,(anonymous_11)
FN:62,(anonymous_12)
FN:73,(anonymous_13)
FN:87,(anonymous_14)
FN:101,(anonymous_15)
FN:106,(anonymous_16)
FN:111,(anonymous_17)
FN:126,(anonymous_18)
FN:131,(anonymous_19)
FN:136,(anonymous_20)
FN:142,(anonymous_21)
FN:146,(anonymous_22)
FN:157,(anonymous_23)
FN:164,(anonymous_24)
FN:165,(anonymous_25)
FN:170,(anonymous_26)
FN:171,(anonymous_27)
FN:179,(anonymous_28)
FN:182,(anonymous_29)
FN:186,(anonymous_30)
FN:197,(anonymous_31)
FN:201,(anonymous_32)
FN:215,(anonymous_33)
FNF:34
FNH:0
FNDA:0,(anonymous_0)
FNDA:0,(anonymous_1)
FNDA:0,(anonymous_2)
FNDA:0,(anonymous_3)
FNDA:0,(anonymous_4)
FNDA:0,(anonymous_5)
FNDA:0,(anonymous_6)
FNDA:0,(anonymous_7)
FNDA:0,(anonymous_8)
FNDA:0,(anonymous_9)
FNDA:0,(anonymous_10)
FNDA:0,(anonymous_11)
FNDA:0,(anonymous_12)
FNDA:0,(anonymous_13)
FNDA:0,(anonymous_14)
FNDA:0,(anonymous_15)
FNDA:0,(anonymous_16)
FNDA:0,(anonymous_17)
FNDA:0,(anonymous_18)
FNDA:0,(anonymous_19)
FNDA:0,(anonymous_20)
FNDA:0,(anonymous_21)
FNDA:0,(anonymous_22)
FNDA:0,(anonymous_23)
FNDA:0,(anonymous_24)
FNDA:0,(anonymous_25)
FNDA:0,(anonymous_26)
FNDA:0,(anonymous_27)
FNDA:0,(anonymous_28)
FNDA:0,(anonymous_29)
FNDA:0,(anonymous_30)
FNDA:0,(anonymous_31)
FNDA:0,(anonymous_32)
FNDA:0,(anonymous_33)
DA:8,0
DA:9,0
DA:13,0
DA:14,0
DA:15,0
DA:19,0
DA:21,0
DA:22,0
DA:25,0
DA:26,0
DA:31,0
DA:32,0
DA:33,0
DA:36,0
DA:39,0
DA:40,0
DA:41,0
DA:48,0
DA:51,0
DA:52,0
DA:53,0
DA:56,0
DA:57,0
DA:59,0
DA:61,0
DA:62,0
DA:63,0
DA:67,0
DA:74,0
DA:77,0
DA:80,0
DA:81,0
DA:84,0
DA:88,0
DA:91,0
DA:94,0
DA:95,0
DA:98,0
DA:102,0
DA:103,0
DA:107,0
DA:108,0
DA:112,0
DA:113,0
DA:115,0
DA:116,0
DA:117,0
DA:118,0
DA:120,0
DA:121,0
DA:122,0
DA:124,0
DA:126,0
DA:127,0
DA:132,0
DA:133,0
DA:134,0
DA:136,0
DA:137,0
DA:138,0
DA:143,0
DA:144,0
DA:145,0
DA:146,0
DA:147,0
DA:148,0
DA:158,0
DA:165,0
DA:166,0
DA:171,0
DA:172,0
DA:173,0
DA:174,0
DA:180,0
DA:182,0
DA:183,0
DA:184,0
DA:186,0
DA:187,0
DA:188,0
DA:189,0
DA:198,0
DA:203,0
DA:204,0
DA:210,0
DA:215,0
DA:216,0
DA:218,0
DA:219,0
DA:221,0
DA:225,0
DA:226,0
LF:92
LH:0
BRDA:33,0,0,0
BRDA:33,0,1,0
BRDA:33,1,0,0
BRDA:33,1,1,0
BRDA:59,2,0,0
BRDA:59,2,1,0
BRDA:108,3,0,0
BRDA:108,3,1,0
BRDA:144,4,0,0
BRDA:144,4,1,0
BRDA:147,5,0,0
BRDA:147,5,1,0
BRDA:172,6,0,0
BRDA:172,6,1,0
BRDA:225,7,0,0
BRDA:225,7,1,0
BRDA:225,8,0,0
BRDA:225,8,1,0
BRF:18
BRH:0
end_of_record
TN:
SF:src/frontend/scripts/interactive-enhancements.js
FN:7,(anonymous_0)
FN:11,(anonymous_1)
FN:21,(anonymous_2)
FN:23,(anonymous_3)
FN:24,(anonymous_4)
FN:41,(anonymous_5)
FN:44,(anonymous_6)
FN:46,(anonymous_7)
FN:50,(anonymous_8)
FN:55,(anonymous_9)
FN:60,(anonymous_10)
FN:64,(anonymous_11)
FN:70,(anonymous_12)
FN:80,(anonymous_13)
FN:82,(anonymous_14)
FN:87,(anonymous_15)
FN:97,(anonymous_16)
FN:99,(anonymous_17)
FN:110,(anonymous_18)
FN:113,(anonymous_19)
FN:124,(anonymous_20)
FN:150,(anonymous_21)
FN:155,(anonymous_22)
FN:157,(anonymous_23)
FN:174,(anonymous_24)
FN:184,(anonymous_25)
FN:189,(anonymous_26)
FN:192,(anonymous_27)
FN:207,(anonymous_28)
FN:217,(anonymous_29)
FN:219,executedFunction
FN:220,(anonymous_31)
FN:229,(anonymous_32)
FN:231,(anonymous_33)
FN:237,(anonymous_34)
FN:245,(anonymous_35)
FNF:36
FNH:0
FNDA:0,(anonymous_0)
FNDA:0,(anonymous_1)
FNDA:0,(anonymous_2)
FNDA:0,(anonymous_3)
FNDA:0,(anonymous_4)
FNDA:0,(anonymous_5)
FNDA:0,(anonymous_6)
FNDA:0,(anonymous_7)
FNDA:0,(anonymous_8)
FNDA:0,(anonymous_9)
FNDA:0,(anonymous_10)
FNDA:0,(anonymous_11)
FNDA:0,(anonymous_12)
FNDA:0,(anonymous_13)
FNDA:0,(anonymous_14)
FNDA:0,(anonymous_15)
FNDA:0,(anonymous_16)
FNDA:0,(anonymous_17)
FNDA:0,(anonymous_18)
FNDA:0,(anonymous_19)
FNDA:0,(anonymous_20)
FNDA:0,(anonymous_21)
FNDA:0,(anonymous_22)
FNDA:0,(anonymous_23)
FNDA:0,(anonymous_24)
FNDA:0,(anonymous_25)
FNDA:0,(anonymous_26)
FNDA:0,(anonymous_27)
FNDA:0,(anonymous_28)
FNDA:0,(anonymous_29)
FNDA:0,executedFunction
FNDA:0,(anonymous_31)
FNDA:0,(anonymous_32)
FNDA:0,(anonymous_33)
FNDA:0,(anonymous_34)
FNDA:0,(anonymous_35)
DA:8,0
DA:12,0
DA:13,0
DA:14,0
DA:15,0
DA:16,0
DA:23,0
DA:24,0
DA:25,0
DA:26,0
DA:27,0
DA:29,0
DA:30,0
DA:42,0
DA:44,0
DA:46,0
DA:47,0
DA:50,0
DA:51,0
DA:55,0
DA:56,0
DA:60,0
DA:61,0
DA:64,0
DA:65,0
DA:71,0
DA:72,0
DA:73,0
DA:75,0
DA:76,0
DA:81,0
DA:82,0
DA:83,0
DA:88,0
DA:89,0
DA:91,0
DA:99,0
DA:100,0
DA:101,0
DA:104,0
DA:105,0
DA:110,0
DA:111,0
DA:113,0
DA:114,0
DA:115,0
DA:117,0
DA:118,0
DA:125,0
DA:126,0
DA:127,0
DA:132,0
DA:148,0
DA:150,0
DA:157,0
DA:158,0
DA:159,0
DA:164,0
DA:165,0
DA:169,0
DA:170,0
DA:175,0
DA:176,0
DA:177,0
DA:178,0
DA:186,0
DA:190,0
DA:192,0
DA:194,0
DA:195,0
DA:196,0
DA:203,0
DA:204,0
DA:207,0
DA:208,0
DA:209,0
DA:210,0
DA:219,0
DA:220,0
DA:221,0
DA:222,0
DA:224,0
DA:225,0
DA:231,0
DA:232,0
DA:233,0
DA:234,0
DA:235,0
DA:236,0
DA:237,0
DA:244,0
DA:245,0
DA:246,0
DA:249,0
DA:253,0
DA:254,0
LF:96
LH:0
BRDA:29,0,0,0
BRDA:29,0,1,0
BRDA:71,1,0,0
BRDA:71,1,1,0
BRDA:88,2,0,0
BRDA:88,2,1,0
BRDA:104,3,0,0
BRDA:104,3,1,0
BRDA:117,4,0,0
BRDA:117,4,1,0
BRDA:158,5,0,0
BRDA:158,5,1,0
BRDA:164,6,0,0
BRDA:164,6,1,0
BRDA:169,7,0,0
BRDA:169,7,1,0
BRDA:176,8,0,0
BRDA:176,8,1,0
BRDA:176,9,0,0
BRDA:176,9,1,0
BRDA:234,10,0,0
BRDA:234,10,1,0
BRDA:244,11,0,0
BRDA:244,11,1,0
BRDA:253,12,0,0
BRDA:253,12,1,0
BRDA:253,13,0,0
BRDA:253,13,1,0
BRF:28
BRH:0
end_of_record
TN:
SF:src/frontend/scripts/micro-interaction-enhancements.js
FN:7,(anonymous_0)
FN:11,(anonymous_1)
FN:21,(anonymous_2)
FN:24,(anonymous_3)
FN:26,(anonymous_4)
FN:30,(anonymous_5)
FN:35,(anonymous_6)
FN:39,(anonymous_7)
FN:46,(anonymous_8)
FN:49,(anonymous_9)
FN:51,(anonymous_10)
FN:55,(anonymous_11)
FN:60,(anonymous_12)
FN:64,(anonymous_13)
FN:69,(anonymous_14)
FN:73,(anonymous_15)
FN:80,(anonymous_16)
FN:83,(anonymous_17)
FN:84,(anonymous_18)
FN:88,(anonymous_19)
FN:95,(anonymous_20)
FN:98,(anonymous_21)
FN:99,(anonymous_22)
FN:103,(anonymous_23)
FN:110,(anonymous_24)
FN:116,(anonymous_25)
FN:117,(anonymous_26)
FN:126,(anonymous_27)
FN:130,(anonymous_28)
FN:134,(anonymous_29)
FN:135,(anonymous_30)
FN:139,(anonymous_31)
FN:147,(anonymous_32)
FN:157,(anonymous_33)
FN:162,(anonymous_34)
FN:167,(anonymous_35)
FN:177,(anonymous_36)
FN:183,(anonymous_37)
FN:189,(anonymous_38)
FN:194,(anonymous_39)
FN:199,(anonymous_40)
FN:204,(anonymous_41)
FN:209,(anonymous_42)
FN:215,(anonymous_43)
FN:225,(anonymous_44)
FN:233,(anonymous_45)
FNF:46
FNH:0
FNDA:0,(anonymous_0)
FNDA:0,(anonymous_1)
FNDA:0,(anonymous_2)
FNDA:0,(anonymous_3)
FNDA:0,(anonymous_4)
FNDA:0,(anonymous_5)
FNDA:0,(anonymous_6)
FNDA:0,(anonymous_7)
FNDA:0,(anonymous_8)
FNDA:0,(anonymous_9)
FNDA:0,(anonymous_10)
FNDA:0,(anonymous_11)
FNDA:0,(anonymous_12)
FNDA:0,(anonymous_13)
FNDA:0,(anonymous_14)
FNDA:0,(anonymous_15)
FNDA:0,(anonymous_16)
FNDA:0,(anonymous_17)
FNDA:0,(anonymous_18)
FNDA:0,(anonymous_19)
FNDA:0,(anonymous_20)
FNDA:0,(anonymous_21)
FNDA:0,(anonymous_22)
FNDA:0,(anonymous_23)
FNDA:0,(anonymous_24)
FNDA:0,(anonymous_25)
FNDA:0,(anonymous_26)
FNDA:0,(anonymous_27)
FNDA:0,(anonymous_28)
FNDA:0,(anonymous_29)
FNDA:0,(anonymous_30)
FNDA:0,(anonymous_31)
FNDA:0,(anonymous_32)
FNDA:0,(anonymous_33)
FNDA:0,(anonymous_34)
FNDA:0,(anonymous_35)
FNDA:0,(anonymous_36)
FNDA:0,(anonymous_37)
FNDA:0,(anonymous_38)
FNDA:0,(anonymous_39)
FNDA:0,(anonymous_40)
FNDA:0,(anonymous_41)
FNDA:0,(anonymous_42)
FNDA:0,(anonymous_43)
FNDA:0,(anonymous_44)
FNDA:0,(anonymous_45)
DA:8,0
DA:12,0
DA:13,0
DA:14,0
DA:15,0
DA:16,0
DA:17,0
DA:22,0
DA:24,0
DA:26,0
DA:27,0
DA:30,0
DA:31,0
DA:35,0
DA:36,0
DA:39,0
DA:40,0
DA:47,0
DA:49,0
DA:51,0
DA:52,0
DA:55,0
DA:56,0
DA:60,0
DA:61,0
DA:64,0
DA:65,0
DA:69,0
DA:70,0
DA:73,0
DA:74,0
DA:81,0
DA:83,0
DA:84,0
DA:85,0
DA:88,0
DA:89,0
DA:96,0
DA:98,0
DA:99,0
DA:100,0
DA:103,0
DA:104,0
DA:111,0
DA:116,0
DA:117,0
DA:118,0
DA:119,0
DA:125,0
DA:126,0
DA:132,0
DA:134,0
DA:135,0
DA:136,0
DA:139,0
DA:140,0
DA:148,0
DA:149,0
DA:150,0
DA:152,0
DA:153,0
DA:158,0
DA:159,0
DA:163,0
DA:164,0
DA:168,0
DA:169,0
DA:170,0
DA:172,0
DA:173,0
DA:178,0
DA:179,0
DA:180,0
DA:184,0
DA:185,0
DA:186,0
DA:190,0
DA:191,0
DA:195,0
DA:196,0
DA:200,0
DA:201,0
DA:205,0
DA:206,0
DA:210,0
DA:211,0
DA:212,0
DA:216,0
DA:217,0
DA:218,0
DA:219,0
DA:222,0
DA:226,0
DA:227,0
DA:228,0
DA:233,0
DA:234,0
DA:238,0
DA:239,0
LF:99
LH:0
BRDA:118,0,0,0
BRDA:118,0,1,0
BRDA:148,1,0,0
BRDA:148,1,1,0
BRDA:168,2,0,0
BRDA:168,2,1,0
BRDA:226,3,0,0
BRDA:226,3,1,0
BRDA:238,4,0,0
BRDA:238,4,1,0
BRDA:238,5,0,0
BRDA:238,5,1,0
BRF:12
BRH:0
end_of_record
TN:
SF:src/frontend/scripts/micro-interactions.js
FN:7,(anonymous_0)
FN:11,(anonymous_1)
FN:20,(anonymous_2)
FN:23,(anonymous_3)
FN:24,(anonymous_4)
FN:29,(anonymous_5)
FN:37,(anonymous_6)
FN:38,(anonymous_7)
FN:42,(anonymous_8)
FN:49,(anonymous_9)
FN:52,(anonymous_10)
FN:53,(anonymous_11)
FN:77,(anonymous_12)
FN:98,(anonymous_13)
FN:100,(anonymous_14)
FN:117,(anonymous_15)
FN:118,(anonymous_16)
FN:127,(anonymous_17)
FN:136,(anonymous_18)
FN:139,(anonymous_19)
FN:141,(anonymous_20)
FN:145,(anonymous_21)
FN:152,(anonymous_22)
FN:165,(anonymous_23)
FN:168,(anonymous_24)
FN:169,(anonymous_25)
FN:181,(anonymous_26)
FN:193,(anonymous_27)
FNF:28
FNH:0
FNDA:0,(anonymous_0)
FNDA:0,(anonymous_1)
FNDA:0,(anonymous_2)
FNDA:0,(anonymous_3)
FNDA:0,(anonymous_4)
FNDA:0,(anonymous_5)
FNDA:0,(anonymous_6)
FNDA:0,(anonymous_7)
FNDA:0,(anonymous_8)
FNDA:0,(anonymous_9)
FNDA:0,(anonymous_10)
FNDA:0,(anonymous_11)
FNDA:0,(anonymous_12)
FNDA:0,(anonymous_13)
FNDA:0,(anonymous_14)
FNDA:0,(anonymous_15)
FNDA:0,(anonymous_16)
FNDA:0,(anonymous_17)
FNDA:0,(anonymous_18)
FNDA:0,(anonymous_19)
FNDA:0,(anonymous_20)
FNDA:0,(anonymous_21)
FNDA:0,(anonymous_22)
FNDA:0,(anonymous_23)
FNDA:0,(anonymous_24)
FNDA:0,(anonymous_25)
FNDA:0,(anonymous_26)
FNDA:0,(anonymous_27)
DA:8,0
DA:12,0
DA:13,0
DA:14,0
DA:15,0
DA:16,0
DA:22,0
DA:23,0
DA:24,0
DA:25,0
DA:26,0
DA:29,0
DA:30,0
DA:31,0
DA:36,0
DA:37,0
DA:38,0
DA:39,0
DA:42,0
DA:43,0
DA:51,0
DA:52,0
DA:53,0
DA:54,0
DA:55,0
DA:56,0
DA:57,0
DA:58,0
DA:60,0
DA:73,0
DA:74,0
DA:75,0
DA:77,0
DA:82,0
DA:83,0
DA:84,0
DA:85,0
DA:93,0
DA:100,0
DA:101,0
DA:102,0
DA:103,0
DA:104,0
DA:106,0
DA:107,0
DA:112,0
DA:117,0
DA:118,0
DA:119,0
DA:120,0
DA:121,0
DA:127,0
DA:128,0
DA:129,0
DA:130,0
DA:131,0
DA:137,0
DA:139,0
DA:141,0
DA:142,0
DA:145,0
DA:146,0
DA:147,0
DA:152,0
DA:153,0
DA:154,0
DA:155,0
DA:157,0
DA:158,0
DA:167,0
DA:168,0
DA:169,0
DA:170,0
DA:172,0
DA:173,0
DA:177,0
DA:178,0
DA:181,0
DA:182,0
DA:183,0
DA:184,0
DA:192,0
DA:193,0
DA:194,0
DA:197,0
LF:85
LH:0
BRDA:82,0,0,0
BRDA:82,0,1,0
BRDA:102,1,0,0
BRDA:102,1,1,0
BRDA:119,2,0,0
BRDA:119,2,1,0
BRDA:146,3,0,0
BRDA:146,3,1,0
BRDA:153,4,0,0
BRDA:153,4,1,0
BRDA:170,5,0,0
BRDA:170,5,1,0
BRDA:192,6,0,0
BRDA:192,6,1,0
BRF:14
BRH:0
end_of_record
TN:
SF:src/middleware/auth-enhanced.js
FN:16,(anonymous_0)
FN:32,(anonymous_1)
FN:43,(anonymous_2)
FN:91,(anonymous_3)
FN:92,(anonymous_4)
FN:116,(anonymous_5)
FN:148,(anonymous_6)
FN:174,(anonymous_7)
FN:177,(anonymous_8)
FN:188,(anonymous_9)
FNF:10
FNH:0
FNDA:0,(anonymous_0)
FNDA:0,(anonymous_1)
FNDA:0,(anonymous_2)
FNDA:0,(anonymous_3)
FNDA:0,(anonymous_4)
FNDA:0,(anonymous_5)
FNDA:0,(anonymous_6)
FNDA:0,(anonymous_7)
FNDA:0,(anonymous_8)
FNDA:0,(anonymous_9)
DA:6,0
DA:7,0
DA:10,0
DA:11,0
DA:16,0
DA:17,0
DA:32,0
DA:33,0
DA:34,0
DA:36,0
DA:43,0
DA:44,0
DA:45,0
DA:49,0
DA:50,0
DA:57,0
DA:58,0
DA:60,0
DA:61,0
DA:69,0
DA:76,0
DA:78,0
DA:80,0
DA:91,0
DA:92,0
DA:93,0
DA:94,0
DA:101,0
DA:102,0
DA:109,0
DA:116,0
DA:117,0
DA:118,0
DA:122,0
DA:123,0
DA:124,0
DA:126,0
DA:127,0
DA:134,0
DA:138,0
DA:141,0
DA:148,0
DA:149,0
DA:150,0
DA:151,0
DA:154,0
DA:157,0
DA:164,0
DA:166,0
DA:167,0
DA:174,0
DA:175,0
DA:177,0
DA:178,0
DA:179,0
DA:181,0
DA:182,0
DA:185,0
DA:188,0
DA:189,0
DA:191,0
DA:192,0
DA:200,0
DA:201,0
DA:205,0
LF:65
LH:0
BRDA:10,0,0,0
BRDA:10,0,1,0
BRDA:11,1,0,0
BRDA:11,1,1,0
BRDA:16,2,0,0
BRDA:45,3,0,0
BRDA:45,3,1,0
BRDA:45,3,2,0
BRDA:49,4,0,0
BRDA:49,4,1,0
BRDA:60,5,0,0
BRDA:60,5,1,0
BRDA:60,6,0,0
BRDA:60,6,1,0
BRDA:91,7,0,0
BRDA:93,8,0,0
BRDA:93,8,1,0
BRDA:101,9,0,0
BRDA:101,9,1,0
BRDA:101,10,0,0
BRDA:101,10,1,0
BRDA:118,11,0,0
BRDA:118,11,1,0
BRDA:118,11,2,0
BRDA:122,12,0,0
BRDA:122,12,1,0
BRDA:126,13,0,0
BRDA:126,13,1,0
BRDA:126,14,0,0
BRDA:126,14,1,0
BRDA:150,15,0,0
BRDA:150,15,1,0
BRDA:150,16,0,0
BRDA:150,16,1,0
BRDA:174,17,0,0
BRDA:174,18,0,0
BRDA:178,19,0,0
BRDA:178,19,1,0
BRDA:181,20,0,0
BRDA:181,20,1,0
BRDA:191,21,0,0
BRDA:191,21,1,0
BRF:42
BRH:0
end_of_record
TN:
SF:src/middleware/auth.js
FN:15,(anonymous_0)
FN:43,(anonymous_1)
FN:44,(anonymous_2)
FN:55,(anonymous_3)
FN:81,(anonymous_4)
FN:82,(anonymous_5)
FN:92,(anonymous_6)
FNF:7
FNH:0
FNDA:0,(anonymous_0)
FNDA:0,(anonymous_1)
FNDA:0,(anonymous_2)
FNDA:0,(anonymous_3)
FNDA:0,(anonymous_4)
FNDA:0,(anonymous_5)
FNDA:0,(anonymous_6)
DA:6,0
DA:7,0
DA:8,0
DA:10,0
DA:15,0
DA:16,0
DA:17,0
DA:19,0
DA:20,0
DA:26,0
DA:27,0
DA:28,0
DA:29,0
DA:30,0
DA:32,0
DA:43,0
DA:44,0
DA:45,0
DA:46,0
DA:52,0
DA:54,0
DA:55,0
DA:56,0
DA:59,0
DA:60,0
DA:66,0
DA:68,0
DA:81,0
DA:82,0
DA:83,0
DA:84,0
DA:90,0
DA:91,0
DA:92,0
DA:93,0
DA:96,0
DA:97,0
DA:103,0
DA:105,0
DA:114,0
LF:40
LH:0
BRDA:10,0,0,0
BRDA:10,0,1,0
BRDA:17,1,0,0
BRDA:17,1,1,0
BRDA:19,2,0,0
BRDA:19,2,1,0
BRDA:29,3,0,0
BRDA:29,3,1,0
BRDA:45,4,0,0
BRDA:45,4,1,0
BRDA:59,5,0,0
BRDA:59,5,1,0
BRDA:83,6,0,0
BRDA:83,6,1,0
BRDA:96,7,0,0
BRDA:96,7,1,0
BRF:16
BRH:0
end_of_record
TN:
SF:src/middleware/upload.js
FN:18,(anonymous_0)
FN:21,(anonymous_1)
FN:33,(anonymous_2)
FN:60,(anonymous_3)
FNF:4
FNH:0
FNDA:0,(anonymous_0)
FNDA:0,(anonymous_1)
FNDA:0,(anonymous_2)
FNDA:0,(anonymous_3)
DA:6,0
DA:7,0
DA:8,0
DA:11,0
DA:12,0
DA:13,0
DA:17,0
DA:19,0
DA:23,0
DA:24,0
DA:25,0
DA:26,0
DA:27,0
DA:28,0
DA:33,0
DA:34,0
DA:35,0
DA:38,0
DA:39,0
DA:43,0
DA:44,0
DA:47,0
DA:51,0
DA:60,0
DA:61,0
DA:62,0
DA:63,0
DA:68,0
DA:72,0
DA:73,0
DA:78,0
DA:81,0
LF:32
LH:0
BRDA:12,0,0,0
BRDA:12,0,1,0
BRDA:23,1,0,0
BRDA:23,1,1,0
BRDA:38,2,0,0
BRDA:38,2,1,0
BRDA:43,3,0,0
BRDA:43,3,1,0
BRDA:61,4,0,0
BRDA:61,4,1,0
BRDA:62,5,0,0
BRDA:62,5,1,0
BRDA:72,6,0,0
BRDA:72,6,1,0
BRF:14
BRH:0
end_of_record
TN:
SF:src/middleware/validation.js
FN:29,(anonymous_0)
FN:50,(anonymous_1)
FNF:2
FNH:0
FNDA:0,(anonymous_0)
FNDA:0,(anonymous_1)
DA:6,0
DA:9,0
DA:30,0
DA:31,0
DA:33,0
DA:38,0
DA:50,0
DA:51,0
DA:52,0
DA:53,0
DA:59,0
DA:63,0
DA:64,0
DA:66,0
LF:14
LH:0
BRDA:30,0,0,0
BRDA:30,0,1,0
BRDA:30,1,0,0
BRDA:30,1,1,0
BRDA:52,2,0,0
BRDA:52,2,1,0
BRF:6
BRH:0
end_of_record
TN:
SF:src/middlewares/errorHandler.js
FN:12,(anonymous_0)
FN:26,(anonymous_1)
FN:29,(anonymous_2)
FN:32,(anonymous_3)
FN:35,(anonymous_4)
FN:38,(anonymous_5)
FN:41,(anonymous_6)
FN:44,(anonymous_7)
FN:53,(anonymous_8)
FN:88,(anonymous_9)
FN:128,(anonymous_10)
FN:129,(anonymous_11)
FN:137,(anonymous_12)
FN:152,(anonymous_13)
FN:153,(anonymous_14)
FN:169,(anonymous_15)
FN:190,(anonymous_16)
FN:210,(anonymous_17)
FNF:18
FNH:0
FNDA:0,(anonymous_0)
FNDA:0,(anonymous_1)
FNDA:0,(anonymous_2)
FNDA:0,(anonymous_3)
FNDA:0,(anonymous_4)
FNDA:0,(anonymous_5)
FNDA:0,(anonymous_6)
FNDA:0,(anonymous_7)
FNDA:0,(anonymous_8)
FNDA:0,(anonymous_9)
FNDA:0,(anonymous_10)
FNDA:0,(anonymous_11)
FNDA:0,(anonymous_12)
FNDA:0,(anonymous_13)
FNDA:0,(anonymous_14)
FNDA:0,(anonymous_15)
FNDA:0,(anonymous_16)
FNDA:0,(anonymous_17)
DA:6,0
DA:13,0
DA:14,0
DA:15,0
DA:16,0
DA:17,0
DA:18,0
DA:25,0
DA:27,0
DA:30,0
DA:33,0
DA:36,0
DA:39,0
DA:42,0
DA:45,0
DA:53,0
DA:54,0
DA:64,0
DA:65,0
DA:69,0
DA:70,0
DA:74,0
DA:75,0
DA:78,0
DA:88,0
DA:90,0
DA:91,0
DA:94,0
DA:108,0
DA:111,0
DA:112,0
DA:114,0
DA:128,0
DA:129,0
DA:130,0
DA:137,0
DA:138,0
DA:139,0
DA:145,0
DA:153,0
DA:154,0
DA:155,0
DA:170,0
DA:171,0
DA:172,0
DA:174,0
DA:175,0
DA:177,0
DA:178,0
DA:180,0
DA:191,0
DA:192,0
DA:194,0
DA:195,0
DA:197,0
DA:198,0
DA:200,0
DA:211,0
DA:212,0
DA:217,0
DA:221,0
LF:61
LH:0
BRDA:12,0,0,0
BRDA:12,1,0,0
BRDA:26,2,0,0
BRDA:29,3,0,0
BRDA:32,4,0,0
BRDA:35,5,0,0
BRDA:41,6,0,0
BRDA:44,7,0,0
BRDA:53,8,0,0
BRDA:57,9,0,0
BRDA:57,9,1,0
BRDA:59,10,0,0
BRDA:59,10,1,0
BRDA:64,11,0,0
BRDA:64,11,1,0
BRDA:69,12,0,0
BRDA:69,12,1,0
BRDA:69,13,0,0
BRDA:69,13,1,0
BRDA:74,14,0,0
BRDA:74,14,1,0
BRDA:90,15,0,0
BRDA:90,15,1,0
BRDA:91,16,0,0
BRDA:91,16,1,0
BRDA:154,17,0,0
BRDA:154,17,1,0
BRDA:169,18,0,0
BRDA:171,19,0,0
BRDA:171,19,1,0
BRDA:174,20,0,0
BRDA:174,20,1,0
BRDA:174,21,0,0
BRDA:174,21,1,0
BRDA:177,22,0,0
BRDA:177,22,1,0
BRDA:177,23,0,0
BRDA:177,23,1,0
BRDA:190,24,0,0
BRDA:191,25,0,0
BRDA:191,25,1,0
BRDA:194,26,0,0
BRDA:194,26,1,0
BRDA:194,27,0,0
BRDA:194,27,1,0
BRDA:197,28,0,0
BRDA:197,28,1,0
BRDA:197,29,0,0
BRDA:197,29,1,0
BRDA:211,30,0,0
BRDA:211,30,1,0
BRF:51
BRH:0
end_of_record
TN:
SF:src/middlewares/rateLimiter.js
FN:19,(anonymous_0)
FN:55,rateLimiter
FN:60,(anonymous_2)
FN:63,(anonymous_3)
FN:171,(anonymous_4)
FN:173,(anonymous_5)
FN:181,getRateLimitStats
FN:202,clearRateLimitStore
FNF:8
FNH:0
FNDA:0,(anonymous_0)
FNDA:0,rateLimiter
FNDA:0,(anonymous_2)
FNDA:0,(anonymous_3)
FNDA:0,(anonymous_4)
FNDA:0,(anonymous_5)
FNDA:0,getRateLimitStats
FNDA:0,clearRateLimitStore
DA:8,0
DA:14,0
DA:19,0
DA:20,0
DA:21,0
DA:22,0
DA:23,0
DA:60,0
DA:61,0
DA:63,0
DA:64,0
DA:65,0
DA:68,0
DA:70,0
DA:72,0
DA:76,0
DA:79,0
DA:83,0
DA:84,0
DA:85,0
DA:88,0
DA:89,0
DA:90,0
DA:92,0
DA:99,0
DA:106,0
DA:171,0
DA:173,0
DA:182,0
DA:187,0
DA:188,0
DA:196,0
DA:203,0
DA:206,0
LF:34
LH:0
BRDA:22,0,0,0
BRDA:22,0,1,0
BRDA:55,1,0,0
BRDA:57,2,0,0
BRDA:58,3,0,0
BRDA:59,4,0,0
BRDA:60,5,0,0
BRDA:60,6,0,0
BRDA:60,6,1,0
BRDA:70,7,0,0
BRDA:70,7,1,0
BRDA:70,8,0,0
BRDA:70,8,1,0
BRDA:88,9,0,0
BRDA:88,9,1,0
BRDA:171,10,0,0
BRDA:173,11,0,0
BRDA:173,11,1,0
BRF:18
BRH:0
end_of_record
TN:
SF:src/models/EmailVerification.js
FN:7,(anonymous_0)
FN:22,(anonymous_1)
FN:30,(anonymous_2)
FN:40,(anonymous_3)
FN:49,(anonymous_4)
FN:66,(anonymous_5)
FN:78,(anonymous_6)
FN:103,(anonymous_7)
FNF:8
FNH:0
FNDA:0,(anonymous_0)
FNDA:0,(anonymous_1)
FNDA:0,(anonymous_2)
FNDA:0,(anonymous_3)
FNDA:0,(anonymous_4)
FNDA:0,(anonymous_5)
FNDA:0,(anonymous_6)
FNDA:0,(anonymous_7)
DA:8,0
DA:9,0
DA:10,0
DA:11,0
DA:12,0
DA:13,0
DA:14,0
DA:15,0
DA:23,0
DA:31,0
DA:32,0
DA:33,0
DA:41,0
DA:50,0
DA:51,0
DA:54,0
DA:55,0
DA:56,0
DA:57,0
DA:60,0
DA:67,0
DA:68,0
DA:69,0
DA:70,0
DA:71,0
DA:79,0
DA:81,0
DA:82,0
DA:85,0
DA:86,0
DA:89,0
DA:90,0
DA:93,0
DA:104,0
DA:117,0
LF:35
LH:0
BRDA:8,0,0,0
BRDA:8,0,1,0
BRDA:9,1,0,0
BRDA:9,1,1,0
BRDA:10,2,0,0
BRDA:10,2,1,0
BRDA:11,3,0,0
BRDA:11,3,1,0
BRDA:12,4,0,0
BRDA:12,4,1,0
BRDA:13,5,0,0
BRDA:13,5,1,0
BRDA:14,6,0,0
BRDA:14,6,1,0
BRDA:15,7,0,0
BRDA:15,7,1,0
BRDA:50,8,0,0
BRDA:50,8,1,0
BRDA:54,9,0,0
BRDA:54,9,1,0
BRDA:81,10,0,0
BRDA:81,10,1,0
BRDA:85,11,0,0
BRDA:85,11,1,0
BRDA:89,12,0,0
BRDA:89,12,1,0
BRF:26
BRH:0
end_of_record
TN:
SF:src/models/Leaderboard.js
FN:7,(anonymous_0)
FN:28,(anonymous_1)
FN:36,(anonymous_2)
FN:37,(anonymous_3)
FN:64,(anonymous_4)
FN:66,(anonymous_5)
FN:67,(anonymous_6)
FN:68,(anonymous_7)
FN:69,(anonymous_8)
FN:70,(anonymous_9)
FN:77,(anonymous_10)
FN:87,(anonymous_11)
FN:97,(anonymous_12)
FN:99,(anonymous_13)
FN:112,(anonymous_14)
FN:113,(anonymous_15)
FN:122,(anonymous_16)
FN:127,(anonymous_17)
FN:138,(anonymous_18)
FN:155,(anonymous_19)
FN:159,(anonymous_20)
FN:170,(anonymous_21)
FN:189,(anonymous_22)
FNF:23
FNH:0
FNDA:0,(anonymous_0)
FNDA:0,(anonymous_1)
FNDA:0,(anonymous_2)
FNDA:0,(anonymous_3)
FNDA:0,(anonymous_4)
FNDA:0,(anonymous_5)
FNDA:0,(anonymous_6)
FNDA:0,(anonymous_7)
FNDA:0,(anonymous_8)
FNDA:0,(anonymous_9)
FNDA:0,(anonymous_10)
FNDA:0,(anonymous_11)
FNDA:0,(anonymous_12)
FNDA:0,(anonymous_13)
FNDA:0,(anonymous_14)
FNDA:0,(anonymous_15)
FNDA:0,(anonymous_16)
FNDA:0,(anonymous_17)
FNDA:0,(anonymous_18)
FNDA:0,(anonymous_19)
FNDA:0,(anonymous_20)
FNDA:0,(anonymous_21)
FNDA:0,(anonymous_22)
DA:8,0
DA:9,0
DA:10,0
DA:11,0
DA:12,0
DA:13,0
DA:14,0
DA:15,0
DA:16,0
DA:17,0
DA:20,0
DA:21,0
DA:22,0
DA:29,0
DA:37,0
DA:39,0
DA:41,0
DA:48,0
DA:54,0
DA:57,0
DA:58,0
DA:65,0
DA:66,0
DA:67,0
DA:68,0
DA:69,0
DA:70,0
DA:73,0
DA:74,0
DA:77,0
DA:78,0
DA:88,0
DA:89,0
DA:98,0
DA:99,0
DA:100,0
DA:113,0
DA:114,0
DA:115,0
DA:123,0
DA:124,0
DA:127,0
DA:128,0
DA:129,0
DA:130,0
DA:131,0
DA:132,0
DA:133,0
DA:134,0
DA:138,0
DA:139,0
DA:140,0
DA:142,0
DA:156,0
DA:157,0
DA:159,0
DA:160,0
DA:163,0
DA:164,0
DA:171,0
DA:190,0
DA:194,0
LF:62
LH:0
BRDA:7,0,0,0
BRDA:8,1,0,0
BRDA:8,1,1,0
BRDA:9,2,0,0
BRDA:9,2,1,0
BRDA:10,3,0,0
BRDA:10,3,1,0
BRDA:11,4,0,0
BRDA:11,4,1,0
BRDA:12,5,0,0
BRDA:12,5,1,0
BRDA:13,6,0,0
BRDA:13,6,1,0
BRDA:14,7,0,0
BRDA:14,7,1,0
BRDA:15,8,0,0
BRDA:15,8,1,0
BRDA:16,9,0,0
BRDA:16,9,1,0
BRDA:17,10,0,0
BRDA:17,10,1,0
BRDA:20,11,0,0
BRDA:20,11,1,0
BRDA:21,12,0,0
BRDA:21,12,1,0
BRDA:22,13,0,0
BRDA:22,13,1,0
BRDA:39,14,0,0
BRDA:39,14,1,0
BRDA:73,15,0,0
BRDA:73,15,1,0
BRDA:87,16,0,0
BRDA:100,17,0,0
BRDA:100,17,1,0
BRDA:115,18,0,0
BRDA:115,18,1,0
BRDA:123,19,0,0
BRDA:123,19,1,0
BRDA:128,20,0,0
BRDA:128,20,1,0
BRDA:128,20,2,0
BRDA:128,20,3,0
BRDA:128,20,4,0
BRDA:128,20,5,0
BRDA:155,21,0,0
BRF:45
BRH:0
end_of_record
TN:
SF:src/models/RecommendationEngine.js
FN:16,(anonymous_0)
FN:50,(anonymous_1)
FN:73,(anonymous_2)
FN:86,(anonymous_3)
FN:117,(anonymous_4)
FN:139,(anonymous_5)
FN:146,(anonymous_6)
FN:149,(anonymous_7)
FN:175,(anonymous_8)
FN:182,(anonymous_9)
FN:184,(anonymous_10)
FN:210,(anonymous_11)
FN:215,(anonymous_12)
FN:237,(anonymous_13)
FN:241,(anonymous_14)
FN:259,(anonymous_15)
FN:267,(anonymous_16)
FN:280,(anonymous_17)
FN:303,(anonymous_18)
FN:317,(anonymous_19)
FN:343,(anonymous_20)
FN:347,(anonymous_21)
FN:365,(anonymous_22)
FN:392,(anonymous_23)
FN:397,(anonymous_24)
FN:404,(anonymous_25)
FN:416,(anonymous_26)
FN:425,(anonymous_27)
FN:436,(anonymous_28)
FN:439,(anonymous_29)
FN:452,(anonymous_30)
FN:467,(anonymous_31)
FN:483,(anonymous_32)
FNF:33
FNH:0
FNDA:0,(anonymous_0)
FNDA:0,(anonymous_1)
FNDA:0,(anonymous_2)
FNDA:0,(anonymous_3)
FNDA:0,(anonymous_4)
FNDA:0,(anonymous_5)
FNDA:0,(anonymous_6)
FNDA:0,(anonymous_7)
FNDA:0,(anonymous_8)
FNDA:0,(anonymous_9)
FNDA:0,(anonymous_10)
FNDA:0,(anonymous_11)
FNDA:0,(anonymous_12)
FNDA:0,(anonymous_13)
FNDA:0,(anonymous_14)
FNDA:0,(anonymous_15)
FNDA:0,(anonymous_16)
FNDA:0,(anonymous_17)
FNDA:0,(anonymous_18)
FNDA:0,(anonymous_19)
FNDA:0,(anonymous_20)
FNDA:0,(anonymous_21)
FNDA:0,(anonymous_22)
FNDA:0,(anonymous_23)
FNDA:0,(anonymous_24)
FNDA:0,(anonymous_25)
FNDA:0,(anonymous_26)
FNDA:0,(anonymous_27)
FNDA:0,(anonymous_28)
FNDA:0,(anonymous_29)
FNDA:0,(anonymous_30)
FNDA:0,(anonymous_31)
FNDA:0,(anonymous_32)
DA:18,0
DA:27,0
DA:28,0
DA:31,0
DA:32,0
DA:35,0
DA:51,0
DA:52,0
DA:55,0
DA:56,0
DA:59,0
DA:60,0
DA:62,0
DA:65,0
DA:74,0
DA:87,0
DA:88,0
DA:91,0
DA:92,0
DA:93,0
DA:94,0
DA:98,0
DA:101,0
DA:102,0
DA:105,0
DA:106,0
DA:108,0
DA:118,0
DA:121,0
DA:124,0
DA:127,0
DA:130,0
DA:140,0
DA:141,0
DA:143,0
DA:146,0
DA:147,0
DA:149,0
DA:150,0
DA:153,0
DA:154,0
DA:156,0
DA:166,0
DA:176,0
DA:177,0
DA:179,0
DA:182,0
DA:184,0
DA:185,0
DA:188,0
DA:189,0
DA:191,0
DA:192,0
DA:202,0
DA:211,0
DA:212,0
DA:215,0
DA:216,0
DA:217,0
DA:222,0
DA:223,0
DA:228,0
DA:238,0
DA:239,0
DA:241,0
DA:242,0
DA:244,0
DA:245,0
DA:248,0
DA:251,0
DA:260,0
DA:261,0
DA:267,0
DA:268,0
DA:269,0
DA:271,0
DA:273,0
DA:274,0
DA:275,0
DA:279,0
DA:280,0
DA:281,0
DA:282,0
DA:287,0
DA:288,0
DA:289,0
DA:294,0
DA:304,0
DA:305,0
DA:308,0
DA:309,0
DA:310,0
DA:311,0
DA:315,0
DA:316,0
DA:317,0
DA:318,0
DA:319,0
DA:323,0
DA:324,0
DA:328,0
DA:329,0
DA:330,0
DA:331,0
DA:334,0
DA:344,0
DA:347,0
DA:348,0
DA:349,0
DA:351,0
DA:352,0
DA:353,0
DA:355,0
DA:365,0
DA:366,0
DA:367,0
DA:369,0
DA:370,0
DA:371,0
DA:372,0
DA:374,0
DA:383,0
DA:393,0
DA:396,0
DA:397,0
DA:398,0
DA:399,0
DA:404,0
DA:407,0
DA:417,0
DA:426,0
DA:427,0
DA:429,0
DA:437,0
DA:439,0
DA:440,0
DA:441,0
DA:442,0
DA:453,0
DA:460,0
DA:468,0
DA:484,0
DA:485,0
DA:486,0
DA:487,0
DA:489,0
DA:498,0
LF:147
LH:0
BRDA:50,0,0,0
BRDA:51,1,0,0
BRDA:51,1,1,0
BRDA:59,2,0,0
BRDA:59,2,1,0
BRDA:86,3,0,0
BRDA:92,4,0,0
BRDA:92,4,1,0
BRDA:118,5,0,0
BRDA:118,5,1,0
BRDA:140,6,0,0
BRDA:140,6,1,0
BRDA:147,7,0,0
BRDA:147,7,1,0
BRDA:153,8,0,0
BRDA:153,8,1,0
BRDA:176,9,0,0
BRDA:176,9,1,0
BRDA:188,10,0,0
BRDA:188,10,1,0
BRDA:191,11,0,0
BRDA:191,11,1,0
BRDA:211,12,0,0
BRDA:211,12,1,0
BRDA:216,13,0,0
BRDA:216,13,1,0
BRDA:222,14,0,0
BRDA:222,14,1,0
BRDA:242,15,0,0
BRDA:242,15,1,0
BRDA:244,16,0,0
BRDA:244,16,1,0
BRDA:244,17,0,0
BRDA:244,17,1,0
BRDA:251,18,0,0
BRDA:251,18,1,0
BRDA:260,19,0,0
BRDA:260,19,1,0
BRDA:271,20,0,0
BRDA:271,20,1,0
BRDA:273,21,0,0
BRDA:273,21,1,0
BRDA:274,22,0,0
BRDA:274,22,1,0
BRDA:279,23,0,0
BRDA:279,23,1,0
BRDA:281,24,0,0
BRDA:281,24,1,0
BRDA:287,25,0,0
BRDA:287,25,1,0
BRDA:288,26,0,0
BRDA:288,26,1,0
BRDA:308,27,0,0
BRDA:308,27,1,0
BRDA:308,28,0,0
BRDA:308,28,1,0
BRDA:315,29,0,0
BRDA:315,29,1,0
BRDA:318,30,0,0
BRDA:318,30,1,0
BRDA:328,31,0,0
BRDA:328,31,1,0
BRDA:328,32,0,0
BRDA:328,32,1,0
BRDA:334,33,0,0
BRDA:334,33,1,0
BRDA:351,34,0,0
BRDA:351,34,1,0
BRDA:369,35,0,0
BRDA:369,35,1,0
BRDA:396,36,0,0
BRDA:396,36,1,0
BRDA:399,37,0,0
BRDA:399,37,1,0
BRDA:427,38,0,0
BRDA:427,38,1,0
BRDA:440,39,0,0
BRDA:440,39,1,0
BRDA:440,40,0,0
BRDA:440,40,1,0
BRDA:460,41,0,0
BRDA:460,41,1,0
BRDA:473,42,0,0
BRDA:473,42,1,0
BRDA:475,43,0,0
BRDA:475,43,1,0
BRF:86
BRH:0
end_of_record
TN:
SF:src/models/RiskMonitor.js
FN:11,(anonymous_0)
FN:49,(anonymous_1)
FN:56,(anonymous_2)
FN:66,(anonymous_3)
FN:78,(anonymous_4)
FN:106,(anonymous_5)
FN:134,(anonymous_6)
FN:137,(anonymous_7)
FN:147,(anonymous_8)
FN:161,(anonymous_9)
FN:162,(anonymous_10)
FN:170,(anonymous_11)
FN:179,(anonymous_12)
FN:186,(anonymous_13)
FN:200,(anonymous_14)
FN:202,(anonymous_15)
FN:215,(anonymous_16)
FN:226,(anonymous_17)
FN:252,(anonymous_18)
FN:304,(anonymous_19)
FN:305,(anonymous_20)
FN:308,(anonymous_21)
FN:318,(anonymous_22)
FN:338,(anonymous_23)
FN:368,(anonymous_24)
FN:397,(anonymous_25)
FN:412,(anonymous_26)
FN:431,(anonymous_27)
FN:438,(anonymous_28)
FN:446,(anonymous_29)
FN:454,(anonymous_30)
FNF:31
FNH:0
FNDA:0,(anonymous_0)
FNDA:0,(anonymous_1)
FNDA:0,(anonymous_2)
FNDA:0,(anonymous_3)
FNDA:0,(anonymous_4)
FNDA:0,(anonymous_5)
FNDA:0,(anonymous_6)
FNDA:0,(anonymous_7)
FNDA:0,(anonymous_8)
FNDA:0,(anonymous_9)
FNDA:0,(anonymous_10)
FNDA:0,(anonymous_11)
FNDA:0,(anonymous_12)
FNDA:0,(anonymous_13)
FNDA:0,(anonymous_14)
FNDA:0,(anonymous_15)
FNDA:0,(anonymous_16)
FNDA:0,(anonymous_17)
FNDA:0,(anonymous_18)
FNDA:0,(anonymous_19)
FNDA:0,(anonymous_20)
FNDA:0,(anonymous_21)
FNDA:0,(anonymous_22)
FNDA:0,(anonymous_23)
FNDA:0,(anonymous_24)
FNDA:0,(anonymous_25)
FNDA:0,(anonymous_26)
FNDA:0,(anonymous_27)
FNDA:0,(anonymous_28)
FNDA:0,(anonymous_29)
FNDA:0,(anonymous_30)
DA:12,0
DA:13,0
DA:28,0
DA:29,0
DA:30,0
DA:33,0
DA:50,0
DA:51,0
DA:52,0
DA:55,0
DA:56,0
DA:57,0
DA:60,0
DA:67,0
DA:68,0
DA:69,0
DA:71,0
DA:72,0
DA:79,0
DA:81,0
DA:84,0
DA:87,0
DA:90,0
DA:91,0
DA:94,0
DA:96,0
DA:97,0
DA:107,0
DA:110,0
DA:113,0
DA:116,0
DA:119,0
DA:122,0
DA:125,0
DA:128,0
DA:135,0
DA:137,0
DA:140,0
DA:141,0
DA:148,0
DA:149,0
DA:151,0
DA:152,0
DA:153,0
DA:154,0
DA:155,0
DA:159,0
DA:161,0
DA:162,0
DA:164,0
DA:171,0
DA:173,0
DA:174,0
DA:176,0
DA:179,0
DA:180,0
DA:188,0
DA:189,0
DA:191,0
DA:192,0
DA:193,0
DA:194,0
DA:201,0
DA:202,0
DA:205,0
DA:208,0
DA:209,0
DA:216,0
DA:217,0
DA:220,0
DA:227,0
DA:236,0
DA:237,0
DA:238,0
DA:239,0
DA:240,0
DA:241,0
DA:242,0
DA:244,0
DA:253,0
DA:256,0
DA:257,0
DA:266,0
DA:267,0
DA:276,0
DA:277,0
DA:286,0
DA:287,0
DA:296,0
DA:305,0
DA:307,0
DA:308,0
DA:311,0
DA:320,0
DA:329,0
DA:339,0
DA:342,0
DA:343,0
DA:344,0
DA:345,0
DA:346,0
DA:347,0
DA:349,0
DA:350,0
DA:353,0
DA:369,0
DA:371,0
DA:372,0
DA:375,0
DA:376,0
DA:379,0
DA:380,0
DA:383,0
DA:384,0
DA:387,0
DA:388,0
DA:391,0
DA:398,0
DA:400,0
DA:401,0
DA:402,0
DA:403,0
DA:405,0
DA:413,0
DA:432,0
DA:439,0
DA:440,0
DA:447,0
DA:448,0
DA:455,0
DA:464,0
LF:131
LH:0
BRDA:49,0,0,0
BRDA:50,1,0,0
BRDA:50,1,1,0
BRDA:67,2,0,0
BRDA:67,2,1,0
BRDA:90,3,0,0
BRDA:90,3,1,0
BRDA:140,4,0,0
BRDA:140,4,1,0
BRDA:154,5,0,0
BRDA:154,5,1,0
BRDA:159,6,0,0
BRDA:159,6,1,0
BRDA:171,7,0,0
BRDA:171,7,1,0
BRDA:171,8,0,0
BRDA:171,8,1,0
BRDA:174,9,0,0
BRDA:174,9,1,0
BRDA:176,10,0,0
BRDA:176,10,1,0
BRDA:179,11,0,0
BRDA:179,11,1,0
BRDA:189,12,0,0
BRDA:189,12,1,0
BRDA:191,13,0,0
BRDA:191,13,1,0
BRDA:192,14,0,0
BRDA:192,14,1,0
BRDA:193,15,0,0
BRDA:193,15,1,0
BRDA:205,16,0,0
BRDA:205,16,1,0
BRDA:256,17,0,0
BRDA:256,17,1,0
BRDA:266,18,0,0
BRDA:266,18,1,0
BRDA:276,19,0,0
BRDA:276,19,1,0
BRDA:286,20,0,0
BRDA:286,20,1,0
BRDA:307,21,0,0
BRDA:307,21,1,0
BRDA:342,22,0,0
BRDA:342,22,1,0
BRDA:345,23,0,0
BRDA:345,23,1,0
BRDA:371,24,0,0
BRDA:371,24,1,0
BRDA:375,25,0,0
BRDA:375,25,1,0
BRDA:379,26,0,0
BRDA:379,26,1,0
BRDA:383,27,0,0
BRDA:383,27,1,0
BRDA:387,28,0,0
BRDA:387,28,1,0
BRDA:400,29,0,0
BRDA:400,29,1,0
BRDA:402,30,0,0
BRDA:402,30,1,0
BRDA:457,31,0,0
BRDA:457,31,1,0
BRF:63
BRH:0
end_of_record
TN:
SF:src/models/Role.js
FN:11,(anonymous_0)
FN:29,(anonymous_1)
FN:39,(anonymous_2)
FN:52,(anonymous_3)
FN:62,(anonymous_4)
FN:77,(anonymous_5)
FN:90,(anonymous_6)
FN:98,(anonymous_7)
FN:111,(anonymous_8)
FN:113,(anonymous_9)
FN:121,(anonymous_10)
FN:123,(anonymous_11)
FN:131,(anonymous_12)
FN:146,(anonymous_13)
FN:150,(anonymous_14)
FN:164,(anonymous_15)
FN:179,(anonymous_16)
FN:183,(anonymous_17)
FN:196,(anonymous_18)
FN:221,(anonymous_19)
FN:237,(anonymous_20)
FN:245,(anonymous_21)
FN:253,(anonymous_22)
FN:269,(anonymous_23)
FN:278,(anonymous_24)
FN:287,(anonymous_25)
FN:296,(anonymous_26)
FN:298,(anonymous_27)
FN:299,(anonymous_28)
FN:300,(anonymous_29)
FN:301,(anonymous_30)
FN:319,(anonymous_31)
FN:327,(anonymous_32)
FN:328,(anonymous_33)
FN:329,(anonymous_34)
FN:339,(anonymous_35)
FNF:36
FNH:0
FNDA:0,(anonymous_0)
FNDA:0,(anonymous_1)
FNDA:0,(anonymous_2)
FNDA:0,(anonymous_3)
FNDA:0,(anonymous_4)
FNDA:0,(anonymous_5)
FNDA:0,(anonymous_6)
FNDA:0,(anonymous_7)
FNDA:0,(anonymous_8)
FNDA:0,(anonymous_9)
FNDA:0,(anonymous_10)
FNDA:0,(anonymous_11)
FNDA:0,(anonymous_12)
FNDA:0,(anonymous_13)
FNDA:0,(anonymous_14)
FNDA:0,(anonymous_15)
FNDA:0,(anonymous_16)
FNDA:0,(anonymous_17)
FNDA:0,(anonymous_18)
FNDA:0,(anonymous_19)
FNDA:0,(anonymous_20)
FNDA:0,(anonymous_21)
FNDA:0,(anonymous_22)
FNDA:0,(anonymous_23)
FNDA:0,(anonymous_24)
FNDA:0,(anonymous_25)
FNDA:0,(anonymous_26)
FNDA:0,(anonymous_27)
FNDA:0,(anonymous_28)
FNDA:0,(anonymous_29)
FNDA:0,(anonymous_30)
FNDA:0,(anonymous_31)
FNDA:0,(anonymous_32)
FNDA:0,(anonymous_33)
FNDA:0,(anonymous_34)
FNDA:0,(anonymous_35)
DA:12,0
DA:13,0
DA:14,0
DA:15,0
DA:16,0
DA:17,0
DA:18,0
DA:19,0
DA:21,0
DA:30,0
DA:31,0
DA:32,0
DA:40,0
DA:41,0
DA:45,0
DA:52,0
DA:53,0
DA:63,0
DA:66,0
DA:67,0
DA:70,0
DA:78,0
DA:91,0
DA:92,0
DA:99,0
DA:100,0
DA:102,0
DA:103,0
DA:112,0
DA:113,0
DA:122,0
DA:123,0
DA:132,0
DA:133,0
DA:136,0
DA:137,0
DA:138,0
DA:147,0
DA:149,0
DA:150,0
DA:151,0
DA:152,0
DA:156,0
DA:165,0
DA:166,0
DA:167,0
DA:168,0
DA:169,0
DA:171,0
DA:180,0
DA:182,0
DA:183,0
DA:184,0
DA:185,0
DA:189,0
DA:197,0
DA:199,0
DA:200,0
DA:201,0
DA:202,0
DA:205,0
DA:206,0
DA:207,0
DA:208,0
DA:211,0
DA:222,0
DA:238,0
DA:246,0
DA:254,0
DA:270,0
DA:271,0
DA:279,0
DA:280,0
DA:288,0
DA:289,0
DA:297,0
DA:298,0
DA:299,0
DA:300,0
DA:301,0
DA:304,0
DA:320,0
DA:321,0
DA:324,0
DA:325,0
DA:327,0
DA:328,0
DA:329,0
DA:331,0
DA:340,0
DA:342,0
DA:343,0
DA:347,0
LF:93
LH:0
BRDA:13,0,0,0
BRDA:13,0,1,0
BRDA:14,1,0,0
BRDA:14,1,1,0
BRDA:15,2,0,0
BRDA:15,2,1,0
BRDA:16,3,0,0
BRDA:16,3,1,0
BRDA:17,4,0,0
BRDA:17,4,1,0
BRDA:18,5,0,0
BRDA:18,5,1,0
BRDA:19,6,0,0
BRDA:19,6,1,0
BRDA:30,7,0,0
BRDA:30,7,1,0
BRDA:40,8,0,0
BRDA:40,8,1,0
BRDA:53,9,0,0
BRDA:53,9,1,0
BRDA:63,10,0,0
BRDA:63,10,1,0
BRDA:66,11,0,0
BRDA:66,11,1,0
BRDA:80,12,0,0
BRDA:80,12,1,0
BRDA:82,13,0,0
BRDA:82,13,1,0
BRDA:83,14,0,0
BRDA:83,14,1,0
BRDA:99,15,0,0
BRDA:99,15,1,0
BRDA:100,16,0,0
BRDA:100,16,1,0
BRDA:102,17,0,0
BRDA:102,17,1,0
BRDA:112,18,0,0
BRDA:112,18,1,0
BRDA:122,19,0,0
BRDA:122,19,1,0
BRDA:132,20,0,0
BRDA:132,20,1,0
BRDA:132,21,0,0
BRDA:132,21,1,0
BRDA:147,22,0,0
BRDA:147,22,1,0
BRDA:151,23,0,0
BRDA:151,23,1,0
BRDA:166,24,0,0
BRDA:166,24,1,0
BRDA:180,25,0,0
BRDA:180,25,1,0
BRDA:184,26,0,0
BRDA:184,26,1,0
BRDA:199,27,0,0
BRDA:199,27,1,0
BRDA:201,28,0,0
BRDA:201,28,1,0
BRDA:205,29,0,0
BRDA:205,29,1,0
BRDA:205,30,0,0
BRDA:205,30,1,0
BRDA:207,31,0,0
BRDA:207,31,1,0
BRDA:320,32,0,0
BRDA:320,32,1,0
BRDA:340,33,0,0
BRDA:340,33,1,0
BRF:68
BRH:0
end_of_record
TN:
SF:src/models/TradingAccount.js
FN:11,(anonymous_0)
FN:44,(anonymous_1)
FN:52,(anonymous_2)
FN:87,(anonymous_3)
FN:126,(anonymous_4)
FN:148,(anonymous_5)
FN:172,(anonymous_6)
FNF:7
FNH:0
FNDA:0,(anonymous_0)
FNDA:0,(anonymous_1)
FNDA:0,(anonymous_2)
FNDA:0,(anonymous_3)
FNDA:0,(anonymous_4)
FNDA:0,(anonymous_5)
FNDA:0,(anonymous_6)
DA:12,0
DA:13,0
DA:14,0
DA:15,0
DA:16,0
DA:17,0
DA:18,0
DA:19,0
DA:20,0
DA:21,0
DA:22,0
DA:23,0
DA:24,0
DA:25,0
DA:28,0
DA:31,0
DA:32,0
DA:33,0
DA:34,0
DA:35,0
DA:36,0
DA:37,0
DA:45,0
DA:53,0
DA:55,0
DA:56,0
DA:59,0
DA:60,0
DA:63,0
DA:64,0
DA:67,0
DA:68,0
DA:71,0
DA:72,0
DA:75,0
DA:88,0
DA:89,0
DA:92,0
DA:94,0
DA:97,0
DA:98,0
DA:99,0
DA:102,0
DA:103,0
DA:105,0
DA:106,0
DA:107,0
DA:109,0
DA:112,0
DA:115,0
DA:116,0
DA:117,0
DA:120,0
DA:127,0
DA:129,0
DA:130,0
DA:131,0
DA:132,0
DA:133,0
DA:137,0
DA:138,0
DA:140,0
DA:149,0
DA:151,0
DA:173,0
DA:200,1
LF:66
LH:1
BRDA:11,0,0,0
BRDA:12,1,0,0
BRDA:12,1,1,0
BRDA:14,2,0,0
BRDA:14,2,1,0
BRDA:15,3,0,0
BRDA:15,3,1,0
BRDA:16,4,0,0
BRDA:16,4,1,0
BRDA:17,5,0,0
BRDA:17,5,1,0
BRDA:18,6,0,0
BRDA:18,6,1,0
BRDA:19,7,0,0
BRDA:19,7,1,0
BRDA:20,8,0,0
BRDA:20,8,1,0
BRDA:21,9,0,0
BRDA:21,9,1,0
BRDA:22,10,0,0
BRDA:22,10,1,0
BRDA:23,11,0,0
BRDA:23,11,1,0
BRDA:24,12,0,0
BRDA:24,12,1,0
BRDA:25,13,0,0
BRDA:25,13,1,0
BRDA:28,14,0,0
BRDA:28,14,1,0
BRDA:31,15,0,0
BRDA:31,15,1,0
BRDA:32,16,0,0
BRDA:32,16,1,0
BRDA:33,17,0,0
BRDA:33,17,1,0
BRDA:34,18,0,0
BRDA:34,18,1,0
BRDA:35,19,0,0
BRDA:35,19,1,0
BRDA:36,20,0,0
BRDA:36,20,1,0
BRDA:37,21,0,0
BRDA:37,21,1,0
BRDA:55,22,0,0
BRDA:55,22,1,0
BRDA:59,23,0,0
BRDA:59,23,1,0
BRDA:63,24,0,0
BRDA:63,24,1,0
BRDA:67,25,0,0
BRDA:67,25,1,0
BRDA:67,26,0,0
BRDA:67,26,1,0
BRDA:71,27,0,0
BRDA:71,27,1,0
BRDA:87,28,0,0
BRDA:88,29,0,0
BRDA:88,29,1,0
BRDA:88,30,0,0
BRDA:88,30,1,0
BRDA:94,31,0,0
BRDA:94,31,1,0
BRDA:94,31,2,0
BRDA:94,31,3,0
BRDA:94,31,4,0
BRDA:102,32,0,0
BRDA:102,32,1,0
BRDA:116,33,0,0
BRDA:116,33,1,0
BRDA:129,34,0,0
BRDA:129,34,1,0
BRDA:133,35,0,0
BRDA:133,35,1,0
BRDA:137,36,0,0
BRDA:137,36,1,0
BRDA:140,37,0,0
BRDA:140,37,1,0
BRDA:160,38,0,0
BRDA:160,38,1,0
BRF:79
BRH:0
end_of_record
TN:
SF:src/models/TradingAccountStore.js
FN:16,findByUserId
FN:29,findById
FN:42,findAllByUserId
FN:44,(anonymous_3)
FN:52,save
FN:95,deleteById
FN:103,findAll
FN:105,(anonymous_7)
FN:113,countByUserId
FNF:9
FNH:0
FNDA:0,findByUserId
FNDA:0,findById
FNDA:0,findAllByUserId
FNDA:0,(anonymous_3)
FNDA:0,save
FNDA:0,deleteById
FNDA:0,findAll
FNDA:0,(anonymous_7)
FNDA:0,countByUserId
DA:8,1
DA:9,1
DA:17,0
DA:18,0
DA:19,0
DA:21,0
DA:30,0
DA:31,0
DA:32,0
DA:34,0
DA:43,0
DA:44,0
DA:54,0
DA:55,0
DA:56,0
DA:60,0
DA:86,0
DA:87,0
DA:96,0
DA:104,0
DA:105,0
DA:114,0
DA:117,1
LF:23
LH:3
BRDA:18,0,0,0
BRDA:18,0,1,0
BRDA:31,1,0,0
BRDA:31,1,1,0
BRDA:55,2,0,0
BRDA:55,2,1,0
BRF:6
BRH:0
end_of_record
TN:
SF:src/models/TradingEngine.js
FN:11,(anonymous_0)
FN:59,(anonymous_1)
FN:125,(anonymous_2)
FN:194,(anonymous_3)
FN:239,(anonymous_4)
FN:242,(anonymous_5)
FN:243,(anonymous_6)
FN:244,(anonymous_7)
FN:245,(anonymous_8)
FN:269,(anonymous_9)
FN:312,(anonymous_10)
FN:314,(anonymous_11)
FN:318,(anonymous_12)
FN:325,(anonymous_13)
FN:345,(anonymous_14)
FN:364,(anonymous_15)
FN:365,(anonymous_16)
FN:372,(anonymous_17)
FN:380,(anonymous_18)
FN:385,(anonymous_19)
FN:389,(anonymous_20)
FN:405,(anonymous_21)
FN:407,(anonymous_22)
FN:412,(anonymous_23)
FN:425,(anonymous_24)
FN:434,(anonymous_25)
FN:443,(anonymous_26)
FN:464,(anonymous_27)
FN:473,(anonymous_28)
FN:484,(anonymous_29)
FN:494,(anonymous_30)
FN:495,(anonymous_31)
FN:504,(anonymous_32)
FN:529,(anonymous_33)
FN:542,(anonymous_34)
FN:552,(anonymous_35)
FN:560,(anonymous_36)
FN:563,(anonymous_37)
FN:568,(anonymous_38)
FN:573,(anonymous_39)
FN:587,(anonymous_40)
FN:612,(anonymous_41)
FN:634,(anonymous_42)
FNF:43
FNH:0
FNDA:0,(anonymous_0)
FNDA:0,(anonymous_1)
FNDA:0,(anonymous_2)
FNDA:0,(anonymous_3)
FNDA:0,(anonymous_4)
FNDA:0,(anonymous_5)
FNDA:0,(anonymous_6)
FNDA:0,(anonymous_7)
FNDA:0,(anonymous_8)
FNDA:0,(anonymous_9)
FNDA:0,(anonymous_10)
FNDA:0,(anonymous_11)
FNDA:0,(anonymous_12)
FNDA:0,(anonymous_13)
FNDA:0,(anonymous_14)
FNDA:0,(anonymous_15)
FNDA:0,(anonymous_16)
FNDA:0,(anonymous_17)
FNDA:0,(anonymous_18)
FNDA:0,(anonymous_19)
FNDA:0,(anonymous_20)
FNDA:0,(anonymous_21)
FNDA:0,(anonymous_22)
FNDA:0,(anonymous_23)
FNDA:0,(anonymous_24)
FNDA:0,(anonymous_25)
FNDA:0,(anonymous_26)
FNDA:0,(anonymous_27)
FNDA:0,(anonymous_28)
FNDA:0,(anonymous_29)
FNDA:0,(anonymous_30)
FNDA:0,(anonymous_31)
FNDA:0,(anonymous_32)
FNDA:0,(anonymous_33)
FNDA:0,(anonymous_34)
FNDA:0,(anonymous_35)
FNDA:0,(anonymous_36)
FNDA:0,(anonymous_37)
FNDA:0,(anonymous_38)
FNDA:0,(anonymous_39)
FNDA:0,(anonymous_40)
FNDA:0,(anonymous_41)
FNDA:0,(anonymous_42)
DA:12,0
DA:13,0
DA:14,0
DA:15,0
DA:16,0
DA:17,0
DA:18,0
DA:31,0
DA:42,0
DA:45,0
DA:46,0
DA:60,0
DA:61,0
DA:65,0
DA:66,0
DA:67,0
DA:71,0
DA:72,0
DA:73,0
DA:76,0
DA:77,0
DA:81,0
DA:98,0
DA:99,0
DA:102,0
DA:105,0
DA:108,0
DA:110,0
DA:126,0
DA:127,0
DA:131,0
DA:132,0
DA:133,0
DA:137,0
DA:138,0
DA:139,0
DA:143,0
DA:144,0
DA:145,0
DA:148,0
DA:165,0
DA:166,0
DA:169,0
DA:172,0
DA:175,0
DA:177,0
DA:195,0
DA:205,0
DA:207,0
DA:208,0
DA:209,0
DA:210,0
DA:211,0
DA:212,0
DA:214,0
DA:215,0
DA:216,0
DA:217,0
DA:221,0
DA:222,0
DA:223,0
DA:224,0
DA:227,0
DA:230,0
DA:231,0
DA:240,0
DA:242,0
DA:243,0
DA:244,0
DA:245,0
DA:247,0
DA:270,0
DA:273,0
DA:274,0
DA:277,0
DA:278,0
DA:281,0
DA:282,0
DA:286,0
DA:287,0
DA:288,0
DA:290,0
DA:291,0
DA:295,0
DA:296,0
DA:297,0
DA:298,0
DA:302,0
DA:313,0
DA:314,0
DA:315,0
DA:318,0
DA:326,0
DA:327,0
DA:329,0
DA:332,0
DA:333,0
DA:337,0
DA:338,0
DA:339,0
DA:343,0
DA:344,0
DA:345,0
DA:346,0
DA:347,0
DA:351,0
DA:365,0
DA:366,0
DA:369,0
DA:371,0
DA:372,0
DA:373,0
DA:376,0
DA:377,0
DA:378,0
DA:380,0
DA:381,0
DA:384,0
DA:385,0
DA:387,0
DA:389,0
DA:394,0
DA:397,0
DA:406,0
DA:407,0
DA:408,0
DA:411,0
DA:412,0
DA:413,0
DA:416,0
DA:426,0
DA:436,0
DA:444,0
DA:458,0
DA:465,0
DA:466,0
DA:467,0
DA:474,0
DA:475,0
DA:485,0
DA:487,0
DA:488,0
DA:489,0
DA:490,0
DA:491,0
DA:494,0
DA:495,0
DA:497,0
DA:505,0
DA:507,0
DA:508,0
DA:510,0
DA:511,0
DA:512,0
DA:514,0
DA:515,0
DA:516,0
DA:520,0
DA:530,0
DA:531,0
DA:533,0
DA:534,0
DA:535,0
DA:543,0
DA:545,0
DA:546,0
DA:547,0
DA:548,0
DA:549,0
DA:552,0
DA:561,0
DA:563,0
DA:564,0
DA:565,0
DA:568,0
DA:569,0
DA:570,0
DA:573,0
DA:574,0
DA:575,0
DA:578,0
DA:588,0
DA:613,0
DA:614,0
DA:616,0
DA:635,0
DA:636,0
DA:638,0
DA:639,0
DA:642,0
DA:643,0
DA:646,0
DA:647,0
DA:650,0
DA:654,0
LF:195
LH:0
BRDA:11,0,0,0
BRDA:59,1,0,0
BRDA:60,2,0,0
BRDA:60,2,1,0
BRDA:66,3,0,0
BRDA:66,3,1,0
BRDA:76,4,0,0
BRDA:76,4,1,0
BRDA:125,5,0,0
BRDA:126,6,0,0
BRDA:126,6,1,0
BRDA:132,7,0,0
BRDA:132,7,1,0
BRDA:138,8,0,0
BRDA:138,8,1,0
BRDA:138,9,0,0
BRDA:138,9,1,0
BRDA:195,10,0,0
BRDA:195,10,1,0
BRDA:205,11,0,0
BRDA:205,11,1,0
BRDA:212,12,0,0
BRDA:212,12,1,0
BRDA:221,13,0,0
BRDA:221,13,1,0
BRDA:230,14,0,0
BRDA:230,14,1,0
BRDA:273,15,0,0
BRDA:273,15,1,0
BRDA:273,16,0,0
BRDA:273,16,1,0
BRDA:277,17,0,0
BRDA:277,17,1,0
BRDA:277,18,0,0
BRDA:277,18,1,0
BRDA:281,19,0,0
BRDA:281,19,1,0
BRDA:281,20,0,0
BRDA:281,20,1,0
BRDA:286,21,0,0
BRDA:286,21,1,0
BRDA:290,22,0,0
BRDA:290,22,1,0
BRDA:297,23,0,0
BRDA:297,23,1,0
BRDA:332,24,0,0
BRDA:332,24,1,0
BRDA:338,25,0,0
BRDA:338,25,1,0
BRDA:344,26,0,0
BRDA:344,26,1,0
BRDA:346,27,0,0
BRDA:346,27,1,0
BRDA:366,28,0,0
BRDA:366,28,1,0
BRDA:371,29,0,0
BRDA:371,29,1,0
BRDA:384,30,0,0
BRDA:384,30,1,0
BRDA:387,31,0,0
BRDA:387,31,1,0
BRDA:406,32,0,0
BRDA:406,32,1,0
BRDA:408,33,0,0
BRDA:408,33,1,0
BRDA:408,33,2,0
BRDA:411,34,0,0
BRDA:411,34,1,0
BRDA:452,35,0,0
BRDA:452,35,1,0
BRDA:454,36,0,0
BRDA:454,36,1,0
BRDA:485,37,0,0
BRDA:485,37,1,0
BRDA:497,38,0,0
BRDA:497,38,1,0
BRDA:505,39,0,0
BRDA:505,39,1,0
BRDA:511,40,0,0
BRDA:511,40,1,0
BRDA:515,41,0,0
BRDA:515,41,1,0
BRDA:533,42,0,0
BRDA:533,42,1,0
BRDA:533,43,0,0
BRDA:533,43,1,0
BRDA:534,44,0,0
BRDA:534,44,1,0
BRDA:534,45,0,0
BRDA:534,45,1,0
BRDA:543,46,0,0
BRDA:543,46,1,0
BRDA:563,47,0,0
BRDA:563,47,1,0
BRDA:568,48,0,0
BRDA:568,48,1,0
BRDA:573,49,0,0
BRDA:573,49,1,0
BRDA:578,50,0,0
BRDA:578,50,1,0
BRDA:617,51,0,0
BRDA:617,51,1,0
BRDA:638,52,0,0
BRDA:638,52,1,0
BRDA:642,53,0,0
BRDA:642,53,1,0
BRDA:646,54,0,0
BRDA:646,54,1,0
BRF:108
BRH:0
end_of_record
TN:
SF:src/models/TradingEngineEnhanced.js
FN:11,(anonymous_0)
FN:80,(anonymous_1)
FN:129,(anonymous_2)
FN:151,(anonymous_3)
FN:166,(anonymous_4)
FN:168,(anonymous_5)
FN:173,(anonymous_6)
FN:180,(anonymous_7)
FN:181,(anonymous_8)
FN:191,(anonymous_9)
FN:193,(anonymous_10)
FN:198,(anonymous_11)
FN:211,(anonymous_12)
FN:216,(anonymous_13)
FN:220,(anonymous_14)
FN:224,(anonymous_15)
FN:240,(anonymous_16)
FN:275,(anonymous_17)
FN:282,(anonymous_18)
FN:283,(anonymous_19)
FN:300,(anonymous_20)
FN:344,(anonymous_21)
FN:367,(anonymous_22)
FN:422,(anonymous_23)
FN:425,(anonymous_24)
FN:426,(anonymous_25)
FN:433,(anonymous_26)
FN:435,(anonymous_27)
FN:437,(anonymous_28)
FN:438,(anonymous_29)
FN:439,(anonymous_30)
FN:449,(anonymous_31)
FN:463,(anonymous_32)
FN:476,(anonymous_33)
FN:504,(anonymous_34)
FN:519,(anonymous_35)
FN:522,(anonymous_36)
FN:523,(anonymous_37)
FN:527,(anonymous_38)
FN:537,(anonymous_39)
FN:538,(anonymous_40)
FN:552,(anonymous_41)
FN:553,(anonymous_42)
FN:562,(anonymous_43)
FN:570,(anonymous_44)
FN:588,(anonymous_45)
FN:604,(anonymous_46)
FN:611,(anonymous_47)
FN:616,(anonymous_48)
FN:624,(anonymous_49)
FN:628,(anonymous_50)
FN:633,(anonymous_51)
FN:646,(anonymous_52)
FN:659,(anonymous_53)
FN:668,(anonymous_54)
FN:669,(anonymous_55)
FN:670,(anonymous_56)
FN:671,(anonymous_57)
FN:672,(anonymous_58)
FNF:59
FNH:0
FNDA:0,(anonymous_0)
FNDA:0,(anonymous_1)
FNDA:0,(anonymous_2)
FNDA:0,(anonymous_3)
FNDA:0,(anonymous_4)
FNDA:0,(anonymous_5)
FNDA:0,(anonymous_6)
FNDA:0,(anonymous_7)
FNDA:0,(anonymous_8)
FNDA:0,(anonymous_9)
FNDA:0,(anonymous_10)
FNDA:0,(anonymous_11)
FNDA:0,(anonymous_12)
FNDA:0,(anonymous_13)
FNDA:0,(anonymous_14)
FNDA:0,(anonymous_15)
FNDA:0,(anonymous_16)
FNDA:0,(anonymous_17)
FNDA:0,(anonymous_18)
FNDA:0,(anonymous_19)
FNDA:0,(anonymous_20)
FNDA:0,(anonymous_21)
FNDA:0,(anonymous_22)
FNDA:0,(anonymous_23)
FNDA:0,(anonymous_24)
FNDA:0,(anonymous_25)
FNDA:0,(anonymous_26)
FNDA:0,(anonymous_27)
FNDA:0,(anonymous_28)
FNDA:0,(anonymous_29)
FNDA:0,(anonymous_30)
FNDA:0,(anonymous_31)
FNDA:0,(anonymous_32)
FNDA:0,(anonymous_33)
FNDA:0,(anonymous_34)
FNDA:0,(anonymous_35)
FNDA:0,(anonymous_36)
FNDA:0,(anonymous_37)
FNDA:0,(anonymous_38)
FNDA:0,(anonymous_39)
FNDA:0,(anonymous_40)
FNDA:0,(anonymous_41)
FNDA:0,(anonymous_42)
FNDA:0,(anonymous_43)
FNDA:0,(anonymous_44)
FNDA:0,(anonymous_45)
FNDA:0,(anonymous_46)
FNDA:0,(anonymous_47)
FNDA:0,(anonymous_48)
FNDA:0,(anonymous_49)
FNDA:0,(anonymous_50)
FNDA:0,(anonymous_51)
FNDA:0,(anonymous_52)
FNDA:0,(anonymous_53)
FNDA:0,(anonymous_54)
FNDA:0,(anonymous_55)
FNDA:0,(anonymous_56)
FNDA:0,(anonymous_57)
FNDA:0,(anonymous_58)
DA:12,0
DA:13,0
DA:14,0
DA:15,0
DA:16,0
DA:17,0
DA:18,0
DA:33,0
DA:48,0
DA:49,0
DA:50,0
DA:53,0
DA:60,0
DA:61,0
DA:64,0
DA:81,0
DA:82,0
DA:84,0
DA:85,0
DA:88,0
DA:89,0
DA:94,0
DA:95,0
DA:103,0
DA:104,0
DA:105,0
DA:113,0
DA:114,0
DA:115,0
DA:116,0
DA:120,0
DA:130,0
DA:131,0
DA:133,0
DA:135,0
DA:136,0
DA:143,0
DA:152,0
DA:153,0
DA:154,0
DA:155,0
DA:156,0
DA:167,0
DA:168,0
DA:171,0
DA:173,0
DA:174,0
DA:176,0
DA:177,0
DA:180,0
DA:181,0
DA:183,0
DA:192,0
DA:193,0
DA:196,0
DA:198,0
DA:199,0
DA:200,0
DA:201,0
DA:212,0
DA:213,0
DA:216,0
DA:217,0
DA:220,0
DA:221,0
DA:222,0
DA:224,0
DA:228,0
DA:229,0
DA:241,0
DA:242,0
DA:245,0
DA:246,0
DA:249,0
DA:250,0
DA:252,0
DA:253,0
DA:254,0
DA:256,0
DA:257,0
DA:259,0
DA:261,0
DA:267,0
DA:275,0
DA:278,0
DA:279,0
DA:282,0
DA:283,0
DA:288,0
DA:301,0
DA:302,0
DA:312,0
DA:313,0
DA:315,0
DA:316,0
DA:317,0
DA:319,0
DA:320,0
DA:321,0
DA:322,0
DA:323,0
DA:329,0
DA:332,0
DA:334,0
DA:346,0
DA:348,0
DA:349,0
DA:352,0
DA:353,0
DA:356,0
DA:368,0
DA:370,0
DA:371,0
DA:372,0
DA:374,0
DA:380,0
DA:392,0
DA:393,0
DA:394,0
DA:396,0
DA:397,0
DA:399,0
DA:401,0
DA:414,0
DA:423,0
DA:425,0
DA:426,0
DA:428,0
DA:433,0
DA:435,0
DA:437,0
DA:438,0
DA:439,0
DA:450,0
DA:452,0
DA:453,0
DA:454,0
DA:456,0
DA:464,0
DA:466,0
DA:467,0
DA:469,0
DA:477,0
DA:479,0
DA:505,0
DA:506,0
DA:507,0
DA:509,0
DA:511,0
DA:521,0
DA:522,0
DA:523,0
DA:525,0
DA:527,0
DA:528,0
DA:530,0
DA:538,0
DA:540,0
DA:553,0
DA:554,0
DA:557,0
DA:559,0
DA:561,0
DA:562,0
DA:563,0
DA:569,0
DA:570,0
DA:571,0
DA:574,0
DA:575,0
DA:579,0
DA:589,0
DA:590,0
DA:592,0
DA:605,0
DA:612,0
DA:618,0
DA:619,0
DA:621,0
DA:625,0
DA:629,0
DA:634,0
DA:635,0
DA:647,0
DA:648,0
DA:660,0
DA:668,0
DA:669,0
DA:670,0
DA:671,0
DA:672,0
DA:675,0
LF:192
LH:0
BRDA:11,0,0,0
BRDA:82,1,0,0
BRDA:82,1,1,0
BRDA:94,2,0,0
BRDA:94,2,1,0
BRDA:104,3,0,0
BRDA:104,3,1,0
BRDA:104,4,0,0
BRDA:104,4,1,0
BRDA:113,5,0,0
BRDA:113,5,1,0
BRDA:115,6,0,0
BRDA:115,6,1,0
BRDA:131,7,0,0
BRDA:131,7,1,0
BRDA:131,8,0,0
BRDA:131,8,1,0
BRDA:135,9,0,0
BRDA:135,9,1,0
BRDA:153,10,0,0
BRDA:153,10,1,0
BRDA:154,11,0,0
BRDA:154,11,1,0
BRDA:154,12,0,0
BRDA:154,12,1,0
BRDA:171,13,0,0
BRDA:171,13,1,0
BRDA:193,14,0,0
BRDA:193,14,1,0
BRDA:193,14,2,0
BRDA:196,15,0,0
BRDA:196,15,1,0
BRDA:212,16,0,0
BRDA:212,16,1,0
BRDA:221,17,0,0
BRDA:221,17,1,0
BRDA:241,18,0,0
BRDA:241,18,1,0
BRDA:245,19,0,0
BRDA:245,19,1,0
BRDA:256,20,0,0
BRDA:256,20,1,0
BRDA:262,21,0,0
BRDA:262,21,1,0
BRDA:268,22,0,0
BRDA:268,22,1,0
BRDA:319,23,0,0
BRDA:319,23,1,0
BRDA:321,24,0,0
BRDA:321,24,1,0
BRDA:348,25,0,0
BRDA:348,25,1,0
BRDA:348,26,0,0
BRDA:348,26,1,0
BRDA:352,27,0,0
BRDA:352,27,1,0
BRDA:352,28,0,0
BRDA:352,28,1,0
BRDA:370,29,0,0
BRDA:370,29,1,0
BRDA:372,30,0,0
BRDA:372,30,1,0
BRDA:392,31,0,0
BRDA:392,31,1,0
BRDA:394,32,0,0
BRDA:394,32,1,0
BRDA:423,33,0,0
BRDA:423,33,1,0
BRDA:433,34,0,0
BRDA:433,34,1,0
BRDA:434,35,0,0
BRDA:434,35,1,0
BRDA:436,36,0,0
BRDA:436,36,1,0
BRDA:450,37,0,0
BRDA:450,37,1,0
BRDA:464,38,0,0
BRDA:464,38,1,0
BRDA:509,39,0,0
BRDA:509,39,1,0
BRDA:519,40,0,0
BRDA:525,41,0,0
BRDA:525,41,1,0
BRDA:541,42,0,0
BRDA:541,42,1,0
BRDA:554,43,0,0
BRDA:554,43,1,0
BRDA:557,44,0,0
BRDA:557,44,1,0
BRDA:563,45,0,0
BRDA:563,45,1,0
BRDA:563,45,2,0
BRDA:563,45,3,0
BRDA:569,46,0,0
BRDA:569,46,1,0
BRDA:571,47,0,0
BRDA:571,47,1,0
BRDA:618,48,0,0
BRDA:618,48,1,0
BRDA:618,49,0,0
BRDA:618,49,1,0
BRDA:618,49,2,0
BRDA:633,50,0,0
BRDA:646,51,0,0
BRF:104
BRH:0
end_of_record
TN:
SF:src/models/TradingRecord.js
FN:10,(anonymous_0)
FN:54,(anonymous_1)
FN:73,(anonymous_2)
FN:82,(anonymous_3)
FN:96,(anonymous_4)
FN:106,(anonymous_5)
FN:130,(anonymous_6)
FN:144,(anonymous_7)
FN:163,(anonymous_8)
FN:183,(anonymous_9)
FN:197,(anonymous_10)
FN:207,(anonymous_11)
FNF:12
FNH:0
FNDA:0,(anonymous_0)
FNDA:0,(anonymous_1)
FNDA:0,(anonymous_2)
FNDA:0,(anonymous_3)
FNDA:0,(anonymous_4)
FNDA:0,(anonymous_5)
FNDA:0,(anonymous_6)
FNDA:0,(anonymous_7)
FNDA:0,(anonymous_8)
FNDA:0,(anonymous_9)
FNDA:0,(anonymous_10)
FNDA:0,(anonymous_11)
DA:12,0
DA:13,0
DA:14,0
DA:15,0
DA:18,0
DA:19,0
DA:20,0
DA:21,0
DA:24,0
DA:25,0
DA:28,0
DA:29,0
DA:32,0
DA:33,0
DA:34,0
DA:37,0
DA:38,0
DA:39,0
DA:42,0
DA:43,0
DA:44,0
DA:47,0
DA:48,0
DA:55,0
DA:57,0
DA:58,0
DA:59,0
DA:60,0
DA:61,0
DA:62,0
DA:64,0
DA:74,0
DA:75,0
DA:83,0
DA:84,0
DA:86,0
DA:89,0
DA:90,0
DA:97,0
DA:98,0
DA:99,0
DA:100,0
DA:108,0
DA:111,0
DA:112,0
DA:113,0
DA:114,0
DA:117,0
DA:118,0
DA:121,0
DA:123,0
DA:124,0
DA:131,0
DA:132,0
DA:133,0
DA:134,0
DA:136,0
DA:138,0
DA:145,0
DA:164,0
DA:184,0
DA:185,0
DA:186,0
DA:187,0
DA:188,0
DA:190,0
DA:198,0
DA:199,0
DA:208,0
DA:209,0
DA:214,1
LF:71
LH:1
BRDA:10,0,0,0
BRDA:12,1,0,0
BRDA:12,1,1,0
BRDA:13,2,0,0
BRDA:13,2,1,0
BRDA:14,3,0,0
BRDA:14,3,1,0
BRDA:15,4,0,0
BRDA:15,4,1,0
BRDA:18,5,0,0
BRDA:18,5,1,0
BRDA:19,6,0,0
BRDA:19,6,1,0
BRDA:20,7,0,0
BRDA:20,7,1,0
BRDA:21,8,0,0
BRDA:21,8,1,0
BRDA:24,9,0,0
BRDA:24,9,1,0
BRDA:25,10,0,0
BRDA:25,10,1,0
BRDA:28,11,0,0
BRDA:28,11,1,0
BRDA:29,12,0,0
BRDA:29,12,1,0
BRDA:32,13,0,0
BRDA:32,13,1,0
BRDA:33,14,0,0
BRDA:33,14,1,0
BRDA:34,15,0,0
BRDA:34,15,1,0
BRDA:37,16,0,0
BRDA:37,16,1,0
BRDA:38,17,0,0
BRDA:38,17,1,0
BRDA:39,18,0,0
BRDA:39,18,1,0
BRDA:42,19,0,0
BRDA:42,19,1,0
BRDA:43,20,0,0
BRDA:43,20,1,0
BRDA:44,21,0,0
BRDA:44,21,1,0
BRDA:47,22,0,0
BRDA:47,22,1,0
BRDA:48,23,0,0
BRDA:48,23,1,0
BRDA:57,24,0,0
BRDA:57,24,1,0
BRDA:58,25,0,0
BRDA:58,25,1,0
BRDA:59,26,0,0
BRDA:59,26,1,0
BRDA:60,27,0,0
BRDA:60,27,1,0
BRDA:61,28,0,0
BRDA:61,28,1,0
BRDA:62,29,0,0
BRDA:62,29,1,0
BRDA:83,30,0,0
BRDA:83,30,1,0
BRDA:111,31,0,0
BRDA:111,31,1,0
BRDA:112,32,0,0
BRDA:112,32,1,0
BRDA:113,33,0,0
BRDA:113,33,1,0
BRDA:114,34,0,0
BRDA:114,34,1,0
BRDA:117,35,0,0
BRDA:117,35,1,0
BRDA:117,36,0,0
BRDA:117,36,1,0
BRDA:118,37,0,0
BRDA:118,37,1,0
BRDA:118,38,0,0
BRDA:118,38,1,0
BRDA:121,39,0,0
BRDA:121,39,1,0
BRDA:121,40,0,0
BRDA:121,40,1,0
BRDA:131,41,0,0
BRDA:131,41,1,0
BRDA:133,42,0,0
BRDA:133,42,1,0
BRDA:183,43,0,0
BRDA:185,44,0,0
BRDA:185,44,1,0
BRDA:187,45,0,0
BRDA:187,45,1,0
BRDA:198,46,0,0
BRDA:198,46,1,0
BRDA:198,47,0,0
BRDA:198,47,1,0
BRDA:208,48,0,0
BRDA:208,48,1,0
BRDA:209,49,0,0
BRDA:209,49,1,0
BRF:98
BRH:0
end_of_record
TN:
SF:src/models/TradingRecordStore.js
FN:16,save
FN:72,findById
FN:89,findByUserId
FN:102,(anonymous_3)
FN:109,(anonymous_4)
FN:117,calculatePositions
FN:120,(anonymous_6)
FN:199,countByUserId
FN:209,deleteById
FN:218,getStatistics
FN:220,(anonymous_10)
FN:224,(anonymous_11)
FN:225,(anonymous_12)
FNF:13
FNH:0
FNDA:0,save
FNDA:0,findById
FNDA:0,findByUserId
FNDA:0,(anonymous_3)
FNDA:0,(anonymous_4)
FNDA:0,calculatePositions
FNDA:0,(anonymous_6)
FNDA:0,countByUserId
FNDA:0,deleteById
FNDA:0,getStatistics
FNDA:0,(anonymous_10)
FNDA:0,(anonymous_11)
FNDA:0,(anonymous_12)
DA:8,1
DA:9,1
DA:18,0
DA:23,0
DA:24,0
DA:25,0
DA:29,0
DA:30,0
DA:34,0
DA:37,0
DA:63,0
DA:64,0
DA:73,0
DA:74,0
DA:75,0
DA:77,0
DA:90,0
DA:92,0
DA:93,0
DA:95,0
DA:96,0
DA:99,0
DA:102,0
DA:105,0
DA:106,0
DA:109,0
DA:119,0
DA:120,0
DA:123,0
DA:125,0
DA:126,0
DA:128,0
DA:129,0
DA:138,0
DA:140,0
DA:142,0
DA:143,0
DA:144,0
DA:146,0
DA:147,0
DA:150,0
DA:160,0
DA:162,0
DA:163,0
DA:165,0
DA:168,0
DA:169,0
DA:170,0
DA:173,0
DA:174,0
DA:176,0
DA:190,0
DA:200,0
DA:201,0
DA:210,0
DA:219,0
DA:220,0
DA:222,0
DA:224,0
DA:225,0
DA:231,0
DA:232,0
DA:233,0
DA:236,0
DA:240,0
DA:241,0
DA:243,0
DA:246,1
LF:68
LH:3
BRDA:18,0,0,0
BRDA:18,0,1,0
BRDA:24,1,0,0
[...]
FNDA:0,(anonymous_0)
DA:5,0
DA:6,0
DA:7,0
DA:14,0
DA:17,0
DA:20,0
DA:36,0
DA:37,0
DA:44,0
LF:9
LH:0
BRF:0
BRH:0
end_of_record
TN:
SF:src/routes/permissions.js
FN:11,(anonymous_0)
FN:28,(anonymous_1)
FN:85,(anonymous_2)
FN:103,(anonymous_3)
FN:120,(anonymous_4)
FNF:5
FNH:0
FNDA:0,(anonymous_0)
FNDA:0,(anonymous_1)
FNDA:0,(anonymous_2)
FNDA:0,(anonymous_3)
FNDA:0,(anonymous_4)
DA:6,0
DA:7,0
DA:8,0
DA:11,0
DA:12,0
DA:13,0
DA:14,0
DA:19,0
DA:28,0
DA:29,0
DA:30,0
DA:31,0
DA:34,0
DA:35,0
DA:37,0
DA:38,0
DA:44,0
DA:45,0
DA:52,0
DA:53,0
DA:54,0
DA:61,0
DA:68,0
DA:70,0
DA:76,0
DA:85,0
DA:86,0
DA:87,0
DA:90,0
DA:91,0
DA:97,0
DA:101,0
DA:103,0
DA:111,0
DA:120,0
DA:121,0
DA:122,0
DA:124,0
DA:126,0
DA:127,0
DA:133,0
DA:138,0
DA:146,0
LF:43
LH:0
BRDA:37,0,0,0
BRDA:37,0,1,0
BRDA:44,1,0,0
BRDA:44,1,1,0
BRDA:53,2,0,0
BRDA:53,2,1,0
BRDA:90,3,0,0
BRDA:90,3,1,0
BRDA:90,4,0,0
BRDA:90,4,1,0
BRDA:126,5,0,0
BRDA:126,5,1,0
BRF:12
BRH:0
end_of_record
TN:
SF:src/routes/profile.js
FNF:0
FNH:0
DA:6,0
DA:7,0
DA:8,0
DA:9,0
DA:15,0
DA:21,0
DA:30,0
DA:36,0
DA:38,0
LF:9
LH:0
BRF:0
BRH:0
end_of_record
TN:
SF:src/routes/registration-flow.js
FN:18,(anonymous_0)
FN:54,(anonymous_1)
FN:94,(anonymous_2)
FN:127,(anonymous_3)
FN:164,(anonymous_4)
FN:197,(anonymous_5)
FNF:6
FNH:0
FNDA:0,(anonymous_0)
FNDA:0,(anonymous_1)
FNDA:0,(anonymous_2)
FNDA:0,(anonymous_3)
FNDA:0,(anonymous_4)
FNDA:0,(anonymous_5)
DA:9,0
DA:10,0
DA:11,0
DA:13,0
DA:18,0
DA:19,0
DA:20,0
DA:22,0
DA:29,0
DA:31,0
DA:42,0
DA:43,0
DA:54,0
DA:55,0
DA:56,0
DA:57,0
DA:59,0
DA:61,0
DA:62,0
DA:68,0
DA:70,0
DA:82,0
DA:83,0
DA:94,0
DA:95,0
DA:96,0
DA:98,0
DA:100,0
DA:101,0
DA:107,0
DA:109,0
DA:115,0
DA:116,0
DA:127,0
DA:128,0
DA:129,0
DA:131,0
DA:133,0
DA:134,0
DA:140,0
DA:142,0
DA:152,0
DA:153,0
DA:164,0
DA:165,0
DA:166,0
DA:168,0
DA:170,0
DA:171,0
DA:177,0
DA:179,0
DA:185,0
DA:186,0
DA:197,0
DA:198,0
DA:199,0
DA:201,0
DA:203,0
DA:204,0
DA:210,0
DA:212,0
DA:222,0
DA:223,0
DA:231,0
LF:64
LH:0
BRDA:61,0,0,0
BRDA:61,0,1,0
BRDA:100,1,0,0
BRDA:100,1,1,0
BRDA:133,2,0,0
BRDA:133,2,1,0
BRDA:170,3,0,0
BRDA:170,3,1,0
BRDA:203,4,0,0
BRDA:203,4,1,0
BRF:10
BRH:0
end_of_record
TN:
SF:src/routes/trading.js
FNF:0
FNH:0
DA:1,0
DA:2,0
DA:3,0
DA:4,0
DA:5,0
DA:18,0
DA:19,0
DA:20,0
DA:23,0
DA:24,0
DA:25,0
DA:28,0
DA:31,0
DA:34,0
DA:35,0
DA:36,0
DA:73,0
LF:17
LH:0
BRF:0
BRH:0
end_of_record
TN:
SF:src/routes/userPreferences.js
FNF:0
FNH:0
DA:6,0
DA:7,0
DA:8,0
DA:11,0
DA:14,0
DA:17,0
DA:20,0
DA:22,0
LF:8
LH:0
BRF:0
BRH:0
end_of_record
TN:
SF:src/services/UserAnalyticsService.js
FN:10,(anonymous_0)
FN:21,(anonymous_1)
FN:46,(anonymous_2)
FN:51,(anonymous_3)
FN:56,(anonymous_4)
FN:74,(anonymous_5)
FN:107,(anonymous_6)
FN:121,(anonymous_7)
FN:127,(anonymous_8)
FN:129,(anonymous_9)
FN:133,(anonymous_10)
FN:138,(anonymous_11)
FN:140,(anonymous_12)
FN:144,(anonymous_13)
FN:175,(anonymous_14)
FN:207,(anonymous_15)
FN:235,(anonymous_16)
FN:248,(anonymous_17)
FN:256,(anonymous_18)
FN:270,(anonymous_19)
FN:272,(anonymous_20)
FNF:21
FNH:0
FNDA:0,(anonymous_0)
FNDA:0,(anonymous_1)
FNDA:0,(anonymous_2)
FNDA:0,(anonymous_3)
FNDA:0,(anonymous_4)
FNDA:0,(anonymous_5)
FNDA:0,(anonymous_6)
FNDA:0,(anonymous_7)
FNDA:0,(anonymous_8)
FNDA:0,(anonymous_9)
FNDA:0,(anonymous_10)
FNDA:0,(anonymous_11)
FNDA:0,(anonymous_12)
FNDA:0,(anonymous_13)
FNDA:0,(anonymous_14)
FNDA:0,(anonymous_15)
FNDA:0,(anonymous_16)
FNDA:0,(anonymous_17)
FNDA:0,(anonymous_18)
FNDA:0,(anonymous_19)
FNDA:0,(anonymous_20)
DA:11,0
DA:12,0
DA:22,0
DA:23,0
DA:26,0
DA:32,0
DA:35,0
DA:36,0
DA:47,0
DA:48,0
DA:49,0
DA:51,0
DA:52,0
DA:55,0
DA:56,0
DA:57,0
DA:60,0
DA:75,0
DA:77,0
DA:80,0
DA:81,0
DA:82,0
DA:83,0
DA:86,0
DA:87,0
DA:88,0
DA:89,0
DA:92,0
DA:93,0
DA:94,0
DA:95,0
DA:96,0
DA:99,0
DA:108,0
DA:110,0
DA:111,0
DA:120,0
DA:121,0
DA:122,0
DA:123,0
DA:126,0
DA:127,0
DA:129,0
DA:132,0
DA:133,0
DA:134,0
DA:137,0
DA:138,0
DA:140,0
DA:143,0
DA:144,0
DA:145,0
DA:146,0
DA:149,0
DA:150,0
DA:153,0
DA:154,0
DA:155,0
DA:156,0
DA:157,0
DA:160,0
DA:176,0
DA:177,0
DA:178,0
DA:181,0
DA:182,0
DA:183,0
DA:184,0
DA:187,0
DA:189,0
DA:208,0
DA:210,0
DA:211,0
DA:212,0
DA:215,0
DA:216,0
DA:219,0
DA:220,0
DA:223,0
DA:224,0
DA:227,0
DA:236,0
DA:244,0
DA:245,0
DA:246,0
DA:248,0
DA:249,0
DA:250,0
DA:252,0
DA:253,0
DA:256,0
DA:257,0
DA:261,0
DA:262,0
DA:263,0
DA:264,0
DA:267,0
DA:268,0
DA:269,0
DA:270,0
DA:273,0
DA:274,0
DA:277,0
DA:281,0
LF:104
LH:0
BRDA:21,0,0,0
BRDA:22,1,0,0
BRDA:22,1,1,0
BRDA:35,2,0,0
BRDA:35,2,1,0
BRDA:46,3,0,0
BRDA:47,4,0,0
BRDA:47,4,1,0
BRDA:57,5,0,0
BRDA:57,5,1,0
BRDA:64,6,0,0
BRDA:64,6,1,0
BRDA:80,7,0,0
BRDA:80,7,1,0
BRDA:81,8,0,0
BRDA:81,8,1,0
BRDA:82,9,0,0
BRDA:82,9,1,0
BRDA:83,10,0,0
BRDA:83,10,1,0
BRDA:87,11,0,0
BRDA:87,11,1,0
BRDA:88,12,0,0
BRDA:88,12,1,0
BRDA:89,13,0,0
BRDA:89,13,1,0
BRDA:92,14,0,0
BRDA:92,14,1,0
BRDA:94,15,0,0
BRDA:94,15,1,0
BRDA:95,16,0,0
BRDA:95,16,1,0
BRDA:96,17,0,0
BRDA:96,17,1,0
BRDA:108,18,0,0
BRDA:108,18,1,0
BRDA:110,19,0,0
BRDA:110,19,1,0
BRDA:123,20,0,0
BRDA:123,20,1,0
BRDA:134,21,0,0
BRDA:134,21,1,0
BRDA:154,22,0,0
BRDA:154,22,1,0
BRDA:155,23,0,0
BRDA:155,23,1,0
BRDA:155,24,0,0
BRDA:155,24,1,0
BRDA:156,25,0,0
BRDA:156,25,1,0
BRDA:156,26,0,0
BRDA:156,26,1,0
BRDA:156,26,2,0
BRDA:182,27,0,0
BRDA:182,27,1,0
BRDA:183,28,0,0
BRDA:183,28,1,0
BRDA:184,29,0,0
BRDA:184,29,1,0
BRDA:210,30,0,0
BRDA:210,30,1,0
BRDA:215,31,0,0
BRDA:215,31,1,0
BRDA:219,32,0,0
BRDA:219,32,1,0
BRDA:223,33,0,0
BRDA:223,33,1,0
BRDA:253,34,0,0
BRDA:253,34,1,0
BRDA:257,35,0,0
BRDA:257,35,1,0
BRDA:261,36,0,0
BRDA:261,36,1,0
BRDA:262,37,0,0
BRDA:262,37,1,0
BRDA:263,38,0,0
BRDA:263,38,1,0
BRF:77
BRH:0
end_of_record
TN:
SF:src/services/authService.js
FN:22,(anonymous_0)
FN:103,(anonymous_1)
FN:112,(anonymous_2)
FN:175,(anonymous_3)
FN:184,(anonymous_4)
FN:218,(anonymous_5)
FN:235,(anonymous_6)
FN:256,(anonymous_7)
FN:270,(anonymous_8)
FN:317,(anonymous_9)
FN:372,(anonymous_10)
FN:417,(anonymous_11)
FNF:12
FNH:0
FNDA:0,(anonymous_0)
FNDA:0,(anonymous_1)
FNDA:0,(anonymous_2)
FNDA:0,(anonymous_3)
FNDA:0,(anonymous_4)
FNDA:0,(anonymous_5)
FNDA:0,(anonymous_6)
FNDA:0,(anonymous_7)
FNDA:0,(anonymous_8)
FNDA:0,(anonymous_9)
FNDA:0,(anonymous_10)
FNDA:0,(anonymous_11)
DA:6,0
DA:7,0
DA:8,0
DA:9,0
DA:10,0
DA:12,0
DA:13,0
DA:23,0
DA:24,0
DA:27,0
DA:28,0
DA:30,0
DA:31,0
DA:39,0
DA:40,0
DA:41,0
DA:48,0
DA:49,0
DA:50,0
DA:57,0
DA:68,0
DA:78,0
DA:80,0
DA:91,0
DA:92,0
DA:104,0
DA:113,0
DA:114,0
DA:117,0
DA:118,0
DA:119,0
DA:126,0
DA:127,0
DA:128,0
DA:135,0
DA:136,0
DA:143,0
DA:144,0
DA:147,0
DA:150,0
DA:152,0
DA:163,0
DA:164,0
DA:176,0
DA:185,0
DA:186,0
DA:187,0
DA:188,0
DA:194,0
DA:196,0
DA:204,0
DA:205,0
DA:219,0
DA:236,0
DA:237,0
DA:238,0
DA:243,0
DA:259,0
DA:271,0
DA:272,0
DA:274,0
DA:275,0
DA:278,0
DA:281,0
DA:282,0
DA:283,0
DA:290,0
DA:292,0
DA:301,0
DA:302,0
DA:318,0
DA:320,0
DA:321,0
DA:322,0
DA:329,0
DA:330,0
DA:331,0
DA:338,0
DA:339,0
DA:340,0
DA:347,0
DA:348,0
DA:349,0
DA:351,0
DA:357,0
DA:358,0
DA:373,0
DA:375,0
DA:376,0
DA:377,0
DA:384,0
DA:385,0
DA:386,0
DA:393,0
DA:394,0
DA:395,0
DA:397,0
DA:403,0
DA:404,0
DA:419,0
DA:420,0
DA:421,0
DA:423,0
DA:427,0
LF:104
LH:0
BRDA:12,0,0,0
BRDA:12,0,1,0
BRDA:13,1,0,0
BRDA:13,1,1,0
BRDA:30,2,0,0
BRDA:30,2,1,0
BRDA:40,3,0,0
BRDA:40,3,1,0
BRDA:49,4,0,0
BRDA:49,4,1,0
BRDA:118,5,0,0
BRDA:118,5,1,0
BRDA:127,6,0,0
BRDA:127,6,1,0
BRDA:135,7,0,0
BRDA:135,7,1,0
BRDA:157,8,0,0
BRDA:157,8,1,0
BRDA:187,9,0,0
BRDA:187,9,1,0
BRDA:200,10,0,0
BRDA:200,10,1,0
BRDA:274,11,0,0
BRDA:274,11,1,0
BRDA:282,12,0,0
BRDA:282,12,1,0
BRDA:321,13,0,0
BRDA:321,13,1,0
BRDA:330,14,0,0
BRDA:330,14,1,0
BRDA:339,15,0,0
BRDA:339,15,1,0
BRDA:376,16,0,0
BRDA:376,16,1,0
BRDA:385,17,0,0
BRDA:385,17,1,0
BRF:36
BRH:0
end_of_record
TN:
SF:src/services/marketDataService.js
FN:20,initializeMarketData
FN:32,(anonymous_1)
FN:53,simulatePriceChange
FN:79,getQuote
FN:119,getBatchQuotes
FN:124,(anonymous_5)
FN:131,getAvailableSymbols
FN:136,(anonymous_7)
FN:149,searchSymbols
FN:176,resetDailyData
FN:193,(anonymous_10)
FN:201,(anonymous_11)
FNF:12
FNH:9
FNDA:8,initializeMarketData
FNDA:64,(anonymous_1)
FNDA:58,simulatePriceChange
FNDA:64,getQuote
FNDA:11,getBatchQuotes
FNDA:27,(anonymous_5)
FNDA:4,getAvailableSymbols
FNDA:32,(anonymous_7)
FNDA:17,searchSymbols
FNDA:0,resetDailyData
FNDA:0,(anonymous_10)
FNDA:0,(anonymous_11)
DA:14,2
DA:21,8
DA:32,8
DA:33,64
DA:54,58
DA:55,58
DA:58,52
DA:59,52
DA:62,52
DA:63,52
DA:64,52
DA:65,52
DA:66,52
DA:67,52
DA:68,52
DA:70,52
DA:71,52
DA:80,64
DA:83,58
DA:86,58
DA:87,6
DA:91,58
DA:93,58
DA:95,6
DA:96,6
DA:111,52
DA:120,11
DA:121,3
DA:124,27
DA:132,4
DA:133,0
DA:136,32
DA:150,17
DA:152,15
DA:154,15
DA:155,0
DA:158,15
DA:159,15
DA:160,120
DA:161,12
DA:170,15
DA:177,0
DA:178,0
DA:179,0
DA:180,0
DA:181,0
DA:182,0
DA:183,0
DA:184,0
DA:186,0
DA:190,2
DA:193,2
DA:194,0
DA:195,0
DA:201,2
DA:202,0
DA:205,2
LF:57
LH:43
BRDA:55,0,0,6
BRDA:55,0,1,52
BRDA:80,1,0,6
BRDA:80,1,1,58
BRDA:86,2,0,6
BRDA:86,2,1,52
BRDA:93,3,0,6
BRDA:93,3,1,52
BRDA:120,4,0,3
BRDA:120,4,1,8
BRDA:120,5,0,11
BRDA:120,5,1,10
BRDA:132,6,0,0
BRDA:132,6,1,4
BRDA:150,7,0,2
BRDA:150,7,1,15
BRDA:154,8,0,0
BRDA:154,8,1,15
BRDA:160,9,0,12
BRDA:160,9,1,108
BRDA:160,10,0,120
BRDA:160,10,1,117
BRF:22
BRH:20
end_of_record
TN:
SF:src/services/registrationFlowService.js
FNF:0
FNH:0
DA:6,0
LF:1
LH:0
BRF:0
BRH:0
end_of_record
TN:
SF:src/services/tradingService.js
FN:10,(anonymous_0)
FN:19,(anonymous_1)
FN:37,(anonymous_2)
FN:60,(anonymous_3)
FN:121,(anonymous_4)
FN:129,(anonymous_5)
FN:178,(anonymous_6)
FN:181,(anonymous_7)
FN:200,(anonymous_8)
FN:213,(anonymous_9)
FN:218,(anonymous_10)
FN:235,(anonymous_11)
FN:244,(anonymous_12)
FN:246,(anonymous_13)
FN:247,(anonymous_14)
FN:256,(anonymous_15)
FN:274,(anonymous_16)
FNF:17
FNH:0
FNDA:0,(anonymous_0)
FNDA:0,(anonymous_1)
FNDA:0,(anonymous_2)
FNDA:0,(anonymous_3)
FNDA:0,(anonymous_4)
FNDA:0,(anonymous_5)
FNDA:0,(anonymous_6)
FNDA:0,(anonymous_7)
FNDA:0,(anonymous_8)
FNDA:0,(anonymous_9)
FNDA:0,(anonymous_10)
FNDA:0,(anonymous_11)
FNDA:0,(anonymous_12)
FNDA:0,(anonymous_13)
FNDA:0,(anonymous_14)
FNDA:0,(anonymous_15)
FNDA:0,(anonymous_16)
DA:6,0
DA:7,0
DA:11,0
DA:20,0
DA:21,0
DA:22,0
DA:24,0
DA:26,0
DA:28,0
DA:38,0
DA:51,0
DA:61,0
DA:63,0
DA:65,0
DA:68,0
DA:69,0
DA:73,0
DA:74,0
DA:77,0
DA:78,0
DA:82,0
DA:97,0
DA:103,0
DA:111,0
DA:122,0
DA:124,0
DA:125,0
DA:128,0
DA:129,0
DA:131,0
DA:132,0
DA:136,0
DA:137,0
DA:138,0
DA:140,0
DA:155,0
DA:156,0
DA:158,0
DA:160,0
DA:169,0
DA:179,0
DA:180,0
DA:181,0
DA:190,0
DA:201,0
DA:202,0
DA:204,0
DA:214,0
DA:215,0
DA:216,0
DA:218,0
DA:219,0
DA:221,0
DA:227,0
DA:236,0
DA:245,0
DA:246,0
DA:247,0
DA:248,0
DA:258,0
DA:266,0
DA:275,0
DA:283,0
LF:63
LH:0
BRDA:22,0,0,0
BRDA:22,0,1,0
BRDA:61,1,0,0
BRDA:68,2,0,0
BRDA:68,2,1,0
BRDA:77,3,0,0
BRDA:77,3,1,0
BRDA:122,4,0,0
BRDA:131,5,0,0
BRDA:131,5,1,0
BRDA:200,6,0,0
BRDA:223,7,0,0
BRDA:223,7,1,0
BRDA:223,8,0,0
BRDA:223,8,1,0
BRDA:224,9,0,0
BRDA:224,9,1,0
BRDA:245,10,0,0
BRDA:245,10,1,0
BRDA:266,11,0,0
BRDA:266,11,1,0
BRF:21
BRH:0
end_of_record
TN:
SF:src/services/userService-enhanced.js
FN:12,(anonymous_0)
FN:20,(anonymous_1)
FN:80,(anonymous_2)
FN:137,(anonymous_3)
FN:166,(anonymous_4)
FN:196,(anonymous_5)
FN:235,(anonymous_6)
FN:259,(anonymous_7)
FN:291,(anonymous_8)
FN:319,(anonymous_9)
FN:342,(anonymous_10)
FNF:11
FNH:0
FNDA:0,(anonymous_0)
FNDA:0,(anonymous_1)
FNDA:0,(anonymous_2)
FNDA:0,(anonymous_3)
FNDA:0,(anonymous_4)
FNDA:0,(anonymous_5)
FNDA:0,(anonymous_6)
FNDA:0,(anonymous_7)
FNDA:0,(anonymous_8)
FNDA:0,(anonymous_9)
FNDA:0,(anonymous_10)
DA:6,0
DA:7,0
DA:8,0
DA:9,0
DA:13,0
DA:14,0
DA:21,0
DA:23,0
DA:24,0
DA:25,0
DA:29,0
DA:30,0
DA:31,0
DA:35,0
DA:36,0
DA:39,0
DA:57,0
DA:60,0
DA:62,0
DA:73,0
DA:81,0
DA:82,0
DA:85,0
DA:86,0
DA:87,0
DA:91,0
DA:92,0
DA:93,0
DA:97,0
DA:98,0
DA:102,0
DA:113,0
DA:114,0
DA:116,0
DA:130,0
DA:138,0
DA:139,0
DA:140,0
DA:142,0
DA:143,0
DA:146,0
DA:156,0
DA:167,0
DA:168,0
DA:169,0
DA:170,0
DA:173,0
DA:189,0
DA:197,0
DA:198,0
DA:199,0
DA:200,0
DA:204,0
DA:205,0
DA:207,0
DA:208,0
DA:210,0
DA:211,0
DA:213,0
DA:214,0
DA:216,0
DA:217,0
DA:220,0
DA:222,0
DA:228,0
DA:236,0
DA:237,0
DA:238,0
DA:239,0
DA:243,0
DA:244,0
DA:246,0
DA:252,0
DA:260,0
DA:261,0
DA:263,0
DA:264,0
DA:265,0
DA:269,0
DA:270,0
DA:271,0
DA:275,0
DA:276,0
DA:277,0
DA:279,0
DA:284,0
DA:292,0
DA:293,0
DA:295,0
DA:308,0
DA:317,0
DA:319,0
DA:335,0
DA:343,0
DA:344,0
DA:345,0
DA:346,0
DA:352,0
DA:365,0
DA:370,0
LF:100
LH:0
BRDA:13,0,0,0
BRDA:13,0,1,0
BRDA:24,1,0,0
BRDA:24,1,1,0
BRDA:30,2,0,0
BRDA:30,2,1,0
BRDA:44,3,0,0
BRDA:44,3,1,0
BRDA:45,4,0,0
BRDA:45,4,1,0
BRDA:86,5,0,0
BRDA:86,5,1,0
BRDA:92,6,0,0
BRDA:92,6,1,0
BRDA:97,7,0,0
BRDA:97,7,1,0
BRDA:142,8,0,0
BRDA:142,8,1,0
BRDA:142,9,0,0
BRDA:142,9,1,0
BRDA:169,10,0,0
BRDA:169,10,1,0
BRDA:199,11,0,0
BRDA:199,11,1,0
BRDA:204,12,0,0
BRDA:204,12,1,0
BRDA:207,13,0,0
BRDA:207,13,1,0
BRDA:210,14,0,0
BRDA:210,14,1,0
BRDA:213,15,0,0
BRDA:213,15,1,0
BRDA:216,16,0,0
BRDA:216,16,1,0
BRDA:238,17,0,0
BRDA:238,17,1,0
BRDA:264,18,0,0
BRDA:264,18,1,0
BRDA:270,19,0,0
BRDA:270,19,1,0
BRDA:291,20,0,0
BRDA:291,21,0,0
BRDA:345,22,0,0
BRDA:345,22,1,0
BRF:44
BRH:0
end_of_record
TN:
SF:src/services/userService.js
FN:16,(anonymous_0)
FN:77,(anonymous_1)
FN:111,(anonymous_2)
FN:160,(anonymous_3)
FN:172,(anonymous_4)
FN:191,(anonymous_5)
FNF:6
FNH:0
FNDA:0,(anonymous_0)
FNDA:0,(anonymous_1)
FNDA:0,(anonymous_2)
FNDA:0,(anonymous_3)
FNDA:0,(anonymous_4)
FNDA:0,(anonymous_5)
DA:6,0
DA:7,0
DA:17,0
DA:18,0
DA:19,0
DA:21,0
DA:22,0
DA:30,0
DA:37,0
DA:38,0
DA:45,0
DA:48,0
DA:54,0
DA:56,0
DA:63,0
DA:64,0
DA:78,0
DA:79,0
DA:80,0
DA:81,0
DA:87,0
DA:89,0
DA:96,0
DA:97,0
DA:112,0
DA:113,0
DA:115,0
DA:117,0
DA:123,0
DA:124,0
DA:127,0
DA:128,0
DA:129,0
DA:136,0
DA:138,0
DA:145,0
DA:146,0
DA:161,0
DA:162,0
DA:170,0
DA:172,0
DA:177,0
DA:178,0
DA:192,0
DA:193,0
DA:194,0
DA:195,0
DA:201,0
DA:202,0
DA:203,0
DA:205,0
DA:211,0
DA:212,0
DA:221,0
LF:54
LH:0
BRDA:21,0,0,0
BRDA:21,0,1,0
BRDA:37,1,0,0
BRDA:37,1,1,0
BRDA:40,2,0,0
BRDA:40,2,1,0
BRDA:80,3,0,0
BRDA:80,3,1,0
BRDA:92,4,0,0
BRDA:92,4,1,0
BRDA:115,5,0,0
BRDA:115,5,1,0
BRDA:128,6,0,0
BRDA:128,6,1,0
BRDA:160,7,0,0
BRDA:194,8,0,0
BRDA:194,8,1,0
BRF:17
BRH:0
end_of_record
TN:
SF:src/tests/UserBehaviorTest.js
FNF:0
FNH:0
DA:6,0
DA:7,0
DA:8,0
DA:11,0
DA:18,0
DA:24,0
DA:27,0
DA:28,0
DA:31,0
DA:32,0
DA:33,0
DA:34,0
DA:35,0
DA:37,0
DA:38,0
DA:39,0
DA:42,0
DA:43,0
DA:46,0
DA:52,0
DA:57,0
DA:58,0
DA:59,0
DA:62,0
DA:63,0
DA:66,0
DA:67,0
DA:69,0
DA:70,0
DA:71,0
DA:74,0
DA:75,0
DA:78,0
DA:79,0
DA:82,0
DA:83,0
DA:84,0
DA:87,0
DA:88,0
DA:89,0
DA:90,0
DA:91,0
DA:94,0
DA:97,0
LF:44
LH:0
BRDA:89,0,0,0
BRDA:89,0,1,0
BRDA:90,1,0,0
BRDA:90,1,1,0
BRF:4
BRH:0
end_of_record
TN:
SF:src/utils/ErrorHandler.js
FN:11,(anonymous_0)
FN:30,(anonymous_1)
FN:58,(anonymous_2)
FN:69,(anonymous_3)
FN:78,(anonymous_4)
FN:96,(anonymous_5)
FN:117,(anonymous_6)
FN:129,(anonymous_7)
FN:143,(anonymous_8)
FN:155,(anonymous_9)
FN:174,(anonymous_10)
FN:184,(anonymous_11)
FN:204,(anonymous_12)
FN:214,(anonymous_13)
FN:234,(anonymous_14)
FN:238,(anonymous_15)
FN:247,(anonymous_16)
FN:260,(anonymous_17)
FN:283,(anonymous_18)
FNF:19
FNH:0
FNDA:0,(anonymous_0)
FNDA:0,(anonymous_1)
FNDA:0,(anonymous_2)
FNDA:0,(anonymous_3)
FNDA:0,(anonymous_4)
FNDA:0,(anonymous_5)
FNDA:0,(anonymous_6)
FNDA:0,(anonymous_7)
FNDA:0,(anonymous_8)
FNDA:0,(anonymous_9)
FNDA:0,(anonymous_10)
FNDA:0,(anonymous_11)
FNDA:0,(anonymous_12)
FNDA:0,(anonymous_13)
FNDA:0,(anonymous_14)
FNDA:0,(anonymous_15)
FNDA:0,(anonymous_16)
FNDA:0,(anonymous_17)
FNDA:0,(anonymous_18)
DA:12,0
DA:13,0
DA:20,0
DA:31,0
DA:41,0
DA:42,0
DA:45,0
DA:46,0
DA:50,0
DA:59,0
DA:60,0
DA:62,0
DA:70,0
DA:79,0
DA:89,0
DA:97,0
DA:99,0
DA:100,0
DA:102,0
DA:103,0
DA:105,0
DA:106,0
DA:109,0
DA:119,0
DA:122,0
DA:131,0
DA:134,0
DA:135,0
DA:145,0
DA:148,0
DA:158,0
DA:167,0
DA:176,0
DA:185,0
DA:187,0
DA:188,0
DA:191,0
DA:192,0
DA:195,0
DA:196,0
DA:205,0
DA:214,0
DA:215,0
DA:216,0
DA:220,0
DA:221,0
DA:223,0
DA:227,0
DA:235,0
DA:236,0
DA:238,0
DA:239,0
DA:248,0
DA:261,0
DA:262,0
DA:265,0
DA:266,0
DA:269,0
DA:270,0
DA:273,0
DA:274,0
DA:277,0
DA:284,0
DA:295,0
DA:297,0
LF:65
LH:0
BRDA:30,0,0,0
BRDA:30,1,0,0
BRDA:37,2,0,0
BRDA:37,2,1,0
BRDA:45,3,0,0
BRDA:45,3,1,0
BRDA:59,4,0,0
BRDA:59,4,1,0
BRDA:89,5,0,0
BRDA:89,5,1,0
BRDA:97,6,0,0
BRDA:97,6,1,0
BRDA:97,6,2,0
BRDA:97,6,3,0
BRDA:134,7,0,0
BRDA:134,7,1,0
BRDA:187,8,0,0
BRDA:187,8,1,0
BRDA:191,9,0,0
BRDA:191,9,1,0
BRDA:195,10,0,0
BRDA:195,10,1,0
BRDA:215,11,0,0
BRDA:215,11,1,0
BRDA:216,12,0,0
BRDA:216,12,1,0
BRDA:220,13,0,0
BRDA:220,13,1,0
BRDA:234,14,0,0
BRDA:265,15,0,0
BRDA:265,15,1,0
BRDA:269,16,0,0
BRDA:269,16,1,0
BRDA:273,17,0,0
BRDA:273,17,1,0
BRF:35
BRH:0
end_of_record
TN:
SF:src/utils/PerformanceMonitor.js
FN:11,(anonymous_0)
FN:39,(anonymous_1)
FN:54,(anonymous_2)
FN:58,(anonymous_3)
FN:59,(anonymous_4)
FN:68,(anonymous_5)
FN:69,(anonymous_6)
FN:86,(anonymous_7)
FN:87,(anonymous_8)
FN:96,(anonymous_9)
FN:109,(anonymous_10)
FN:127,(anonymous_11)
FN:152,(anonymous_12)
FN:165,(anonymous_13)
FN:183,(anonymous_14)
FN:196,(anonymous_15)
FN:211,(anonymous_16)
FN:223,(anonymous_17)
FN:247,(anonymous_18)
FN:249,(anonymous_19)
FN:250,(anonymous_20)
FN:254,(anonymous_21)
FN:261,(anonymous_22)
FN:286,(anonymous_23)
FN:305,(anonymous_24)
FN:314,(anonymous_25)
FN:322,(anonymous_26)
FNF:27
FNH:0
FNDA:0,(anonymous_0)
FNDA:0,(anonymous_1)
FNDA:0,(anonymous_2)
FNDA:0,(anonymous_3)
FNDA:0,(anonymous_4)
FNDA:0,(anonymous_5)
FNDA:0,(anonymous_6)
FNDA:0,(anonymous_7)
FNDA:0,(anonymous_8)
FNDA:0,(anonymous_9)
FNDA:0,(anonymous_10)
FNDA:0,(anonymous_11)
FNDA:0,(anonymous_12)
FNDA:0,(anonymous_13)
FNDA:0,(anonymous_14)
FNDA:0,(anonymous_15)
FNDA:0,(anonymous_16)
FNDA:0,(anonymous_17)
FNDA:0,(anonymous_18)
FNDA:0,(anonymous_19)
FNDA:0,(anonymous_20)
FNDA:0,(anonymous_21)
FNDA:0,(anonymous_22)
FNDA:0,(anonymous_23)
FNDA:0,(anonymous_24)
FNDA:0,(anonymous_25)
FNDA:0,(anonymous_26)
DA:12,0
DA:13,0
DA:21,0
DA:22,0
DA:23,0
DA:26,0
DA:33,0
DA:40,0
DA:43,0
DA:44,0
DA:48,0
DA:55,0
DA:56,0
DA:58,0
DA:59,0
DA:60,0
DA:61,0
DA:65,0
DA:68,0
DA:69,0
DA:70,0
DA:71,0
DA:75,0
DA:78,0
DA:87,0
DA:88,0
DA:97,0
DA:110,0
DA:111,0
DA:113,0
DA:114,0
DA:117,0
DA:119,0
DA:128,0
DA:131,0
DA:139,0
DA:140,0
DA:144,0
DA:153,0
DA:154,0
DA:155,0
DA:166,0
DA:169,0
DA:184,0
DA:186,0
DA:197,0
DA:199,0
DA:200,0
DA:212,0
DA:214,0
DA:215,0
DA:224,0
DA:225,0
DA:226,0
DA:228,0
DA:248,0
DA:249,0
DA:250,0
DA:252,0
DA:254,0
DA:262,0
DA:264,0
DA:265,0
DA:268,0
DA:269,0
DA:272,0
DA:273,0
DA:276,0
DA:277,0
DA:280,0
DA:287,0
DA:290,0
DA:293,0
DA:307,0
DA:316,0
DA:323,0
DA:324,0
DA:325,0
DA:329,0
LF:79
LH:0
BRDA:11,0,0,0
BRDA:43,1,0,0
BRDA:43,1,1,0
BRDA:43,2,0,0
BRDA:43,2,1,0
BRDA:55,3,0,0
BRDA:55,3,1,0
BRDA:60,4,0,0
BRDA:60,4,1,0
BRDA:70,5,0,0
BRDA:70,5,1,0
BRDA:111,6,0,0
BRDA:111,6,1,0
BRDA:139,7,0,0
BRDA:139,7,1,0
BRDA:154,8,0,0
BRDA:154,8,1,0
BRDA:154,9,0,0
BRDA:154,9,1,0
BRDA:199,10,0,0
BRDA:199,10,1,0
BRDA:214,11,0,0
BRDA:214,11,1,0
BRDA:252,12,0,0
BRDA:252,12,1,0
BRDA:264,13,0,0
BRDA:264,13,1,0
BRDA:268,14,0,0
BRDA:268,14,1,0
BRDA:272,15,0,0
BRDA:272,15,1,0
BRDA:276,16,0,0
BRDA:276,16,1,0
BRDA:280,17,0,0
BRDA:280,17,1,0
BRF:35
BRH:0
end_of_record
TN:
SF:src/utils/createDefaultAvatar.js
FNF:0
FNH:0
DA:6,0
DA:7,0
DA:10,0
DA:34,0
DA:35,0
DA:36,0
DA:40,0
DA:41,0
DA:43,0
LF:9
LH:0
BRDA:35,0,0,0
BRDA:35,0,1,0
BRF:2
BRH:0
end_of_record
TN:
SF:src/utils/emailService.js
FN:9,(anonymous_0)
FN:17,(anonymous_1)
FN:43,(anonymous_2)
FN:95,(anonymous_3)
FN:143,(anonymous_4)
FNF:5
FNH:0
FNDA:0,(anonymous_0)
FNDA:0,(anonymous_1)
FNDA:0,(anonymous_2)
FNDA:0,(anonymous_3)
FNDA:0,(anonymous_4)
DA:6,0
DA:10,0
DA:11,0
DA:19,0
DA:29,0
DA:30,0
DA:32,0
DA:44,0
DA:45,0
DA:46,0
DA:49,0
DA:50,0
DA:52,0
DA:79,0
DA:80,0
DA:81,0
DA:83,0
DA:84,0
DA:96,0
DA:97,0
DA:98,0
DA:101,0
DA:102,0
DA:104,0
DA:130,0
DA:131,0
DA:132,0
DA:134,0
DA:135,0
DA:144,0
DA:145,0
DA:146,0
DA:149,0
DA:150,0
DA:151,0
DA:152,0
DA:154,0
DA:155,0
DA:160,0
LF:39
LH:0
BRDA:20,0,0,0
BRDA:20,0,1,0
BRDA:21,1,0,0
BRDA:21,1,1,0
BRDA:29,2,0,0
BRDA:29,2,1,0
BRDA:29,3,0,0
BRDA:29,3,1,0
BRDA:44,4,0,0
BRDA:44,4,1,0
BRDA:50,5,0,0
BRDA:50,5,1,0
BRDA:96,6,0,0
BRDA:96,6,1,0
BRDA:102,7,0,0
BRDA:102,7,1,0
BRDA:144,8,0,0
BRDA:144,8,1,0
BRF:18
BRH:0
end_of_record
